-- Found ament_cmake: 0.9.12 (/opt/ros/foxy/share/ament_cmake/cmake)
-- Using PYTHON_EXECUTABLE: /usr/bin/python3
-- Found ament_lint_auto: 0.9.8 (/opt/ros/foxy/share/ament_lint_auto/cmake)
-- Found std_msgs: 2.0.5 (/opt/ros/foxy/share/std_msgs/cmake)
-- Using all available rosidl_typesupport_c: rosidl_typesupport_fastrtps_c;rosidl_typesupport_introspection_c
-- Found rosidl_adapter: 1.3.1 (/opt/ros/foxy/share/rosidl_adapter/cmake)
-- Using all available rosidl_typesupport_cpp: rosidl_typesupport_fastrtps_cpp;rosidl_typesupport_introspection_cpp
-- Found rosidl_default_generators: 1.0.1 (/opt/ros/foxy/share/rosidl_default_generators/cmake)
-- Found PythonInterp: /usr/bin/python3 (found version "3.8.10") 
-- Found ament_cmake_ros: 0.9.2 (/opt/ros/foxy/share/ament_cmake_ros/cmake)
-- Using all available rosidl_typesupport_c: rosidl_typesupport_fastrtps_c;rosidl_typesupport_introspection_c
-- Using all available rosidl_typesupport_cpp: rosidl_typesupport_fastrtps_cpp;rosidl_typesupport_introspection_cpp
-- Found PythonInterp: /usr/bin/python3 (found suitable version "3.8.10", minimum required is "3.5") 
-- Found python_cmake_module: 0.8.1 (/opt/ros/foxy/share/python_cmake_module/cmake)
-- Found PythonLibs: /usr/lib/x86_64-linux-gnu/libpython3.8.so (found suitable version "3.8.10", minimum required is "3.5") 
-- Using PYTHON_EXECUTABLE: /usr/bin/python3
-- Using PYTHON_INCLUDE_DIRS: /usr/include/python3.8
-- Using PYTHON_LIBRARIES: /usr/lib/x86_64-linux-gnu/libpython3.8.so
-- Found PythonExtra: .so  
-- Added test 'copyright' to check source files copyright and LICENSE
-- Added test 'cppcheck' to perform static code analysis on C / C++ code
-- Configured cppcheck include dirs: $<BUILD_INTERFACE:/home/docker_mask2former_ros2/colcon_ws/src/segm_msgs/build/segm_msgs/rosidl_generator_c>;/home/docker_mask2former_ros2/colcon_ws/src/segm_msgs/build/segm_msgs/rosidl_generator_c;/home/docker_mask2former_ros2/colcon_ws/src/segm_msgs/build/segm_msgs/rosidl_generator_cpp;/home/docker_mask2former_ros2/colcon_ws/src/segm_msgs/build/segm_msgs/rosidl_typesupport_fastrtps_c;/home/docker_mask2former_ros2/colcon_ws/src/segm_msgs/build/segm_msgs/rosidl_typesupport_fastrtps_cpp;$<BUILD_INTERFACE:/home/docker_mask2former_ros2/colcon_ws/src/segm_msgs/build/segm_msgs/rosidl_typesupport_introspection_c>;$<BUILD_INTERFACE:/home/docker_mask2former_ros2/colcon_ws/src/segm_msgs/build/segm_msgs/rosidl_typesupport_c>;$<BUILD_INTERFACE:/home/docker_mask2former_ros2/colcon_ws/src/segm_msgs/build/segm_msgs/rosidl_generator_cpp>;/home/docker_mask2former_ros2/colcon_ws/src/segm_msgs/build/segm_msgs/rosidl_generator_py
-- Configured cppcheck exclude dirs and/or files: 
-- Added test 'cpplint' to check C / C++ code against the Google style
-- Configured cpplint exclude dirs and/or files: 
-- Added test 'flake8' to check Python code syntax and style conventions
-- Added test 'lint_cmake' to check CMake code style
-- Added test 'pep257' to check Python code against some of the style conventions in PEP 257
-- Added test 'uncrustify' to check C / C++ code style
-- Configured uncrustify additional arguments: 
-- Added test 'xmllint' to check XML markup files
-- Configuring done
-- Generating done
-- Build files have been written to: /home/docker_mask2former_ros2/colcon_ws/src/segm_msgs/build/segm_msgs
[  2%] [34m[1mGenerating C code for ROS interfaces[0m
[35m[1mScanning dependencies of target segm_msgs__cpp[0m
[  5%] [34m[1mGenerating C++ code for ROS interfaces[0m
[  5%] Built target segm_msgs__cpp
[ 10%] [34m[1mGenerating C++ type support dispatch for ROS interfaces[0m
[ 10%] [34m[1mGenerating C++ type support for eProsima Fast-RTPS[0m
[ 12%] [34m[1mGenerating C++ introspection for ROS interfaces[0m
[35m[1mScanning dependencies of target segm_msgs__rosidl_generator_c[0m
[ 15%] [32mBuilding C object CMakeFiles/segm_msgs__rosidl_generator_c.dir/rosidl_generator_c/segm_msgs/msg/detail/mask__functions.c.o[0m
[ 17%] [32mBuilding C object CMakeFiles/segm_msgs__rosidl_generator_c.dir/rosidl_generator_c/segm_msgs/msg/detail/obstacles__functions.c.o[0m
[ 20%] [32m[1mLinking C shared library libsegm_msgs__rosidl_generator_c.so[0m
[ 20%] Built target segm_msgs__rosidl_generator_c
[ 25%] [34m[1mGenerating C type support dispatch for ROS interfaces[0m
[ 25%] [34m[1mGenerating C introspection for ROS interfaces[0m
[35m[1mScanning dependencies of target segm_msgs__rosidl_typesupport_cpp[0m
[ 28%] [32mBuilding CXX object CMakeFiles/segm_msgs__rosidl_typesupport_cpp.dir/rosidl_typesupport_cpp/segm_msgs/msg/mask__type_support.cpp.o[0m
[35m[1mScanning dependencies of target segm_msgs__rosidl_typesupport_introspection_cpp[0m
[ 30%] [32mBuilding CXX object CMakeFiles/segm_msgs__rosidl_typesupport_cpp.dir/rosidl_typesupport_cpp/segm_msgs/msg/obstacles__type_support.cpp.o[0m
[35m[1mScanning dependencies of target segm_msgs__rosidl_typesupport_fastrtps_cpp[0m
[ 33%] [32mBuilding CXX object CMakeFiles/segm_msgs__rosidl_typesupport_introspection_cpp.dir/rosidl_typesupport_introspection_cpp/segm_msgs/msg/detail/mask__type_support.cpp.o[0m
[ 35%] [32mBuilding CXX object CMakeFiles/segm_msgs__rosidl_typesupport_fastrtps_cpp.dir/rosidl_typesupport_fastrtps_cpp/segm_msgs/msg/detail/dds_fastrtps/mask__type_support.cpp.o[0m
[35m[1mScanning dependencies of target segm_msgs__rosidl_typesupport_c[0m
[ 38%] [32mBuilding CXX object CMakeFiles/segm_msgs__rosidl_typesupport_c.dir/rosidl_typesupport_c/segm_msgs/msg/mask__type_support.cpp.o[0m
[35m[1mScanning dependencies of target segm_msgs__rosidl_typesupport_introspection_c[0m
[ 41%] [32mBuilding CXX object CMakeFiles/segm_msgs__rosidl_typesupport_c.dir/rosidl_typesupport_c/segm_msgs/msg/obstacles__type_support.cpp.o[0m
[ 43%] [32mBuilding C object CMakeFiles/segm_msgs__rosidl_typesupport_introspection_c.dir/rosidl_typesupport_introspection_c/segm_msgs/msg/detail/mask__type_support.c.o[0m
[ 46%] [32m[1mLinking CXX shared library libsegm_msgs__rosidl_typesupport_c.so[0m
[ 48%] [32mBuilding C object CMakeFiles/segm_msgs__rosidl_typesupport_introspection_c.dir/rosidl_typesupport_introspection_c/segm_msgs/msg/detail/obstacles__type_support.c.o[0m
[ 48%] Built target segm_msgs__rosidl_typesupport_c
[ 51%] [32mBuilding CXX object CMakeFiles/segm_msgs__rosidl_typesupport_fastrtps_cpp.dir/rosidl_typesupport_fastrtps_cpp/segm_msgs/msg/detail/dds_fastrtps/obstacles__type_support.cpp.o[0m
[ 53%] [32m[1mLinking C shared library libsegm_msgs__rosidl_typesupport_introspection_c.so[0m
[ 53%] Built target segm_msgs__rosidl_typesupport_introspection_c
[ 56%] [32mBuilding CXX object CMakeFiles/segm_msgs__rosidl_typesupport_introspection_cpp.dir/rosidl_typesupport_introspection_cpp/segm_msgs/msg/detail/obstacles__type_support.cpp.o[0m
[ 58%] [32m[1mLinking CXX shared library libsegm_msgs__rosidl_typesupport_cpp.so[0m
[ 58%] Built target segm_msgs__rosidl_typesupport_cpp
[ 61%] [32m[1mLinking CXX shared library libsegm_msgs__rosidl_typesupport_introspection_cpp.so[0m
[ 64%] [32m[1mLinking CXX shared library libsegm_msgs__rosidl_typesupport_fastrtps_cpp.so[0m
[ 64%] Built target segm_msgs__rosidl_typesupport_introspection_cpp
[ 64%] Built target segm_msgs__rosidl_typesupport_fastrtps_cpp
[ 66%] [34m[1mGenerating C type support for eProsima Fast-RTPS[0m
[35m[1mScanning dependencies of target segm_msgs__rosidl_typesupport_fastrtps_c[0m
[ 69%] [32mBuilding CXX object CMakeFiles/segm_msgs__rosidl_typesupport_fastrtps_c.dir/rosidl_typesupport_fastrtps_c/segm_msgs/msg/detail/mask__type_support_c.cpp.o[0m
[ 71%] [32mBuilding CXX object CMakeFiles/segm_msgs__rosidl_typesupport_fastrtps_c.dir/rosidl_typesupport_fastrtps_c/segm_msgs/msg/detail/obstacles__type_support_c.cpp.o[0m
[ 74%] [32m[1mLinking CXX shared library libsegm_msgs__rosidl_typesupport_fastrtps_c.so[0m
[ 74%] Built target segm_msgs__rosidl_typesupport_fastrtps_c
[35m[1mScanning dependencies of target segm_msgs[0m
[ 74%] Built target segm_msgs
[35m[1mScanning dependencies of target segm_msgs__py[0m
[ 76%] [34m[1mGenerating Python code for ROS interfaces[0m
[ 76%] Built target segm_msgs__py
[35m[1mScanning dependencies of target segm_msgs__python[0m
[ 79%] [32mBuilding C object CMakeFiles/segm_msgs__python.dir/rosidl_generator_py/segm_msgs/msg/_mask_s.c.o[0m
[ 82%] [32mBuilding C object CMakeFiles/segm_msgs__python.dir/rosidl_generator_py/segm_msgs/msg/_obstacles_s.c.o[0m
[ 84%] [32m[1mLinking C shared library rosidl_generator_py/segm_msgs/libsegm_msgs__python.so[0m
[ 84%] Built target segm_msgs__python
[35m[1mScanning dependencies of target segm_msgs__rosidl_typesupport_c__pyext[0m
[35m[1mScanning dependencies of target segm_msgs__rosidl_typesupport_introspection_c__pyext[0m
[35m[1mScanning dependencies of target segm_msgs__rosidl_typesupport_fastrtps_c__pyext[0m
[ 87%] [32mBuilding C object CMakeFiles/segm_msgs__rosidl_typesupport_introspection_c__pyext.dir/rosidl_generator_py/segm_msgs/_segm_msgs_s.ep.rosidl_typesupport_introspection_c.c.o[0m
[ 89%] [32mBuilding C object CMakeFiles/segm_msgs__rosidl_typesupport_c__pyext.dir/rosidl_generator_py/segm_msgs/_segm_msgs_s.ep.rosidl_typesupport_c.c.o[0m
[ 92%] [32mBuilding C object CMakeFiles/segm_msgs__rosidl_typesupport_fastrtps_c__pyext.dir/rosidl_generator_py/segm_msgs/_segm_msgs_s.ep.rosidl_typesupport_fastrtps_c.c.o[0m
[ 94%] [32m[1mLinking C shared library rosidl_generator_py/segm_msgs/segm_msgs_s__rosidl_typesupport_introspection_c.cpython-38-x86_64-linux-gnu.so[0m
[ 97%] [32m[1mLinking C shared library rosidl_generator_py/segm_msgs/segm_msgs_s__rosidl_typesupport_c.cpython-38-x86_64-linux-gnu.so[0m
[100%] [32m[1mLinking CXX shared library rosidl_generator_py/segm_msgs/segm_msgs_s__rosidl_typesupport_fastrtps_c.cpython-38-x86_64-linux-gnu.so[0m
[100%] Built target segm_msgs__rosidl_typesupport_c__pyext
[100%] Built target segm_msgs__rosidl_typesupport_introspection_c__pyext
[100%] Built target segm_msgs__rosidl_typesupport_fastrtps_c__pyext
-- Install configuration: ""
-- Installing: /home/docker_mask2former_ros2/colcon_ws/src/segm_msgs/install/segm_msgs/share/ament_index/resource_index/rosidl_interfaces/segm_msgs
-- Installing: /home/docker_mask2former_ros2/colcon_ws/src/segm_msgs/install/segm_msgs/include/segm_msgs
-- Installing: /home/docker_mask2former_ros2/colcon_ws/src/segm_msgs/install/segm_msgs/include/segm_msgs/msg
-- Installing: /home/docker_mask2former_ros2/colcon_ws/src/segm_msgs/install/segm_msgs/include/segm_msgs/msg/detail
-- Installing: /home/docker_mask2former_ros2/colcon_ws/src/segm_msgs/install/segm_msgs/include/segm_msgs/msg/detail/obstacles__functions.c
-- Installing: /home/docker_mask2former_ros2/colcon_ws/src/segm_msgs/install/segm_msgs/include/segm_msgs/msg/detail/mask__struct.h
-- Installing: /home/docker_mask2former_ros2/colcon_ws/src/segm_msgs/install/segm_msgs/include/segm_msgs/msg/detail/obstacles__functions.h
-- Installing: /home/docker_mask2former_ros2/colcon_ws/src/segm_msgs/install/segm_msgs/include/segm_msgs/msg/detail/mask__functions.h
-- Installing: /home/docker_mask2former_ros2/colcon_ws/src/segm_msgs/install/segm_msgs/include/segm_msgs/msg/detail/mask__type_support.h
-- Installing: /home/docker_mask2former_ros2/colcon_ws/src/segm_msgs/install/segm_msgs/include/segm_msgs/msg/detail/obstacles__type_support.h
-- Installing: /home/docker_mask2former_ros2/colcon_ws/src/segm_msgs/install/segm_msgs/include/segm_msgs/msg/detail/obstacles__struct.h
-- Installing: /home/docker_mask2former_ros2/colcon_ws/src/segm_msgs/install/segm_msgs/include/segm_msgs/msg/detail/mask__functions.c
-- Installing: /home/docker_mask2former_ros2/colcon_ws/src/segm_msgs/install/segm_msgs/include/segm_msgs/msg/obstacles.h
-- Installing: /home/docker_mask2former_ros2/colcon_ws/src/segm_msgs/install/segm_msgs/include/segm_msgs/msg/rosidl_generator_c__visibility_control.h
-- Installing: /home/docker_mask2former_ros2/colcon_ws/src/segm_msgs/install/segm_msgs/include/segm_msgs/msg/mask.h
-- Installing: /home/docker_mask2former_ros2/colcon_ws/src/segm_msgs/install/segm_msgs/share/segm_msgs/environment/library_path.sh
-- Installing: /home/docker_mask2former_ros2/colcon_ws/src/segm_msgs/install/segm_msgs/share/segm_msgs/environment/library_path.dsv
-- Installing: /home/docker_mask2former_ros2/colcon_ws/src/segm_msgs/install/segm_msgs/lib/libsegm_msgs__rosidl_generator_c.so
-- Set runtime path of "/home/docker_mask2former_ros2/colcon_ws/src/segm_msgs/install/segm_msgs/lib/libsegm_msgs__rosidl_generator_c.so" to ""
-- Up-to-date: /home/docker_mask2former_ros2/colcon_ws/src/segm_msgs/install/segm_msgs/include/segm_msgs
-- Up-to-date: /home/docker_mask2former_ros2/colcon_ws/src/segm_msgs/install/segm_msgs/include/segm_msgs/msg
-- Up-to-date: /home/docker_mask2former_ros2/colcon_ws/src/segm_msgs/install/segm_msgs/include/segm_msgs/msg/detail
-- Installing: /home/docker_mask2former_ros2/colcon_ws/src/segm_msgs/install/segm_msgs/include/segm_msgs/msg/detail/obstacles__rosidl_typesupport_fastrtps_c.h
-- Installing: /home/docker_mask2former_ros2/colcon_ws/src/segm_msgs/install/segm_msgs/include/segm_msgs/msg/detail/mask__rosidl_typesupport_fastrtps_c.h
-- Installing: /home/docker_mask2former_ros2/colcon_ws/src/segm_msgs/install/segm_msgs/include/segm_msgs/msg/rosidl_typesupport_fastrtps_c__visibility_control.h
-- Installing: /home/docker_mask2former_ros2/colcon_ws/src/segm_msgs/install/segm_msgs/lib/libsegm_msgs__rosidl_typesupport_fastrtps_c.so
-- Set runtime path of "/home/docker_mask2former_ros2/colcon_ws/src/segm_msgs/install/segm_msgs/lib/libsegm_msgs__rosidl_typesupport_fastrtps_c.so" to ""
-- Up-to-date: /home/docker_mask2former_ros2/colcon_ws/src/segm_msgs/install/segm_msgs/include/segm_msgs
-- Up-to-date: /home/docker_mask2former_ros2/colcon_ws/src/segm_msgs/install/segm_msgs/include/segm_msgs/msg
-- Up-to-date: /home/docker_mask2former_ros2/colcon_ws/src/segm_msgs/install/segm_msgs/include/segm_msgs/msg/detail
-- Installing: /home/docker_mask2former_ros2/colcon_ws/src/segm_msgs/install/segm_msgs/include/segm_msgs/msg/detail/mask__rosidl_typesupport_fastrtps_cpp.hpp
-- Installing: /home/docker_mask2former_ros2/colcon_ws/src/segm_msgs/install/segm_msgs/include/segm_msgs/msg/detail/obstacles__rosidl_typesupport_fastrtps_cpp.hpp
-- Installing: /home/docker_mask2former_ros2/colcon_ws/src/segm_msgs/install/segm_msgs/include/segm_msgs/msg/detail/dds_fastrtps
-- Installing: /home/docker_mask2former_ros2/colcon_ws/src/segm_msgs/install/segm_msgs/include/segm_msgs/msg/rosidl_typesupport_fastrtps_cpp__visibility_control.h
-- Installing: /home/docker_mask2former_ros2/colcon_ws/src/segm_msgs/install/segm_msgs/lib/libsegm_msgs__rosidl_typesupport_fastrtps_cpp.so
-- Set runtime path of "/home/docker_mask2former_ros2/colcon_ws/src/segm_msgs/install/segm_msgs/lib/libsegm_msgs__rosidl_typesupport_fastrtps_cpp.so" to ""
-- Up-to-date: /home/docker_mask2former_ros2/colcon_ws/src/segm_msgs/install/segm_msgs/include/segm_msgs
-- Up-to-date: /home/docker_mask2former_ros2/colcon_ws/src/segm_msgs/install/segm_msgs/include/segm_msgs/msg
-- Up-to-date: /home/docker_mask2former_ros2/colcon_ws/src/segm_msgs/install/segm_msgs/include/segm_msgs/msg/detail
-- Installing: /home/docker_mask2former_ros2/colcon_ws/src/segm_msgs/install/segm_msgs/include/segm_msgs/msg/detail/mask__type_support.c
-- Installing: /home/docker_mask2former_ros2/colcon_ws/src/segm_msgs/install/segm_msgs/include/segm_msgs/msg/detail/mask__rosidl_typesupport_introspection_c.h
-- Installing: /home/docker_mask2former_ros2/colcon_ws/src/segm_msgs/install/segm_msgs/include/segm_msgs/msg/detail/obstacles__rosidl_typesupport_introspection_c.h
-- Installing: /home/docker_mask2former_ros2/colcon_ws/src/segm_msgs/install/segm_msgs/include/segm_msgs/msg/detail/obstacles__type_support.c
-- Installing: /home/docker_mask2former_ros2/colcon_ws/src/segm_msgs/install/segm_msgs/include/segm_msgs/msg/rosidl_typesupport_introspection_c__visibility_control.h
-- Installing: /home/docker_mask2former_ros2/colcon_ws/src/segm_msgs/install/segm_msgs/lib/libsegm_msgs__rosidl_typesupport_introspection_c.so
-- Set runtime path of "/home/docker_mask2former_ros2/colcon_ws/src/segm_msgs/install/segm_msgs/lib/libsegm_msgs__rosidl_typesupport_introspection_c.so" to ""
-- Installing: /home/docker_mask2former_ros2/colcon_ws/src/segm_msgs/install/segm_msgs/lib/libsegm_msgs__rosidl_typesupport_c.so
-- Set runtime path of "/home/docker_mask2former_ros2/colcon_ws/src/segm_msgs/install/segm_msgs/lib/libsegm_msgs__rosidl_typesupport_c.so" to ""
-- Up-to-date: /home/docker_mask2former_ros2/colcon_ws/src/segm_msgs/install/segm_msgs/include/segm_msgs
-- Up-to-date: /home/docker_mask2former_ros2/colcon_ws/src/segm_msgs/install/segm_msgs/include/segm_msgs/msg
-- Installing: /home/docker_mask2former_ros2/colcon_ws/src/segm_msgs/install/segm_msgs/include/segm_msgs/msg/mask.hpp
-- Up-to-date: /home/docker_mask2former_ros2/colcon_ws/src/segm_msgs/install/segm_msgs/include/segm_msgs/msg/detail
-- Installing: /home/docker_mask2former_ros2/colcon_ws/src/segm_msgs/install/segm_msgs/include/segm_msgs/msg/detail/mask__struct.hpp
-- Installing: /home/docker_mask2former_ros2/colcon_ws/src/segm_msgs/install/segm_msgs/include/segm_msgs/msg/detail/obstacles__struct.hpp
-- Installing: /home/docker_mask2former_ros2/colcon_ws/src/segm_msgs/install/segm_msgs/include/segm_msgs/msg/detail/obstacles__builder.hpp
-- Installing: /home/docker_mask2former_ros2/colcon_ws/src/segm_msgs/install/segm_msgs/include/segm_msgs/msg/detail/mask__type_support.hpp
-- Installing: /home/docker_mask2former_ros2/colcon_ws/src/segm_msgs/install/segm_msgs/include/segm_msgs/msg/detail/mask__builder.hpp
-- Installing: /home/docker_mask2former_ros2/colcon_ws/src/segm_msgs/install/segm_msgs/include/segm_msgs/msg/detail/obstacles__traits.hpp
-- Installing: /home/docker_mask2former_ros2/colcon_ws/src/segm_msgs/install/segm_msgs/include/segm_msgs/msg/detail/obstacles__type_support.hpp
-- Installing: /home/docker_mask2former_ros2/colcon_ws/src/segm_msgs/install/segm_msgs/include/segm_msgs/msg/detail/mask__traits.hpp
-- Installing: /home/docker_mask2former_ros2/colcon_ws/src/segm_msgs/install/segm_msgs/include/segm_msgs/msg/rosidl_generator_cpp__visibility_control.hpp
-- Installing: /home/docker_mask2former_ros2/colcon_ws/src/segm_msgs/install/segm_msgs/include/segm_msgs/msg/obstacles.hpp
-- Up-to-date: /home/docker_mask2former_ros2/colcon_ws/src/segm_msgs/install/segm_msgs/include/segm_msgs
-- Up-to-date: /home/docker_mask2former_ros2/colcon_ws/src/segm_msgs/install/segm_msgs/include/segm_msgs/msg
-- Up-to-date: /home/docker_mask2former_ros2/colcon_ws/src/segm_msgs/install/segm_msgs/include/segm_msgs/msg/detail
-- Installing: /home/docker_mask2former_ros2/colcon_ws/src/segm_msgs/install/segm_msgs/include/segm_msgs/msg/detail/obstacles__type_support.cpp
-- Installing: /home/docker_mask2former_ros2/colcon_ws/src/segm_msgs/install/segm_msgs/include/segm_msgs/msg/detail/mask__type_support.cpp
-- Installing: /home/docker_mask2former_ros2/colcon_ws/src/segm_msgs/install/segm_msgs/include/segm_msgs/msg/detail/obstacles__rosidl_typesupport_introspection_cpp.hpp
-- Installing: /home/docker_mask2former_ros2/colcon_ws/src/segm_msgs/install/segm_msgs/include/segm_msgs/msg/detail/mask__rosidl_typesupport_introspection_cpp.hpp
-- Installing: /home/docker_mask2former_ros2/colcon_ws/src/segm_msgs/install/segm_msgs/lib/libsegm_msgs__rosidl_typesupport_introspection_cpp.so
-- Set runtime path of "/home/docker_mask2former_ros2/colcon_ws/src/segm_msgs/install/segm_msgs/lib/libsegm_msgs__rosidl_typesupport_introspection_cpp.so" to ""
-- Installing: /home/docker_mask2former_ros2/colcon_ws/src/segm_msgs/install/segm_msgs/lib/libsegm_msgs__rosidl_typesupport_cpp.so
-- Set runtime path of "/home/docker_mask2former_ros2/colcon_ws/src/segm_msgs/install/segm_msgs/lib/libsegm_msgs__rosidl_typesupport_cpp.so" to ""
-- Installing: /home/docker_mask2former_ros2/colcon_ws/src/segm_msgs/install/segm_msgs/share/segm_msgs/environment/pythonpath.sh
-- Installing: /home/docker_mask2former_ros2/colcon_ws/src/segm_msgs/install/segm_msgs/share/segm_msgs/environment/pythonpath.dsv
-- Installing: /home/docker_mask2former_ros2/colcon_ws/src/segm_msgs/install/segm_msgs/lib/python3.8/site-packages/segm_msgs/__init__.py
Compiling '/home/docker_mask2former_ros2/colcon_ws/src/segm_msgs/install/segm_msgs/lib/python3.8/site-packages/segm_msgs/__init__.py'...
-- Installing: /home/docker_mask2former_ros2/colcon_ws/src/segm_msgs/install/segm_msgs/lib/python3.8/site-packages/segm_msgs/msg
-- Installing: /home/docker_mask2former_ros2/colcon_ws/src/segm_msgs/install/segm_msgs/lib/python3.8/site-packages/segm_msgs/msg/_obstacles_s.c
-- Installing: /home/docker_mask2former_ros2/colcon_ws/src/segm_msgs/install/segm_msgs/lib/python3.8/site-packages/segm_msgs/msg/__init__.py
-- Installing: /home/docker_mask2former_ros2/colcon_ws/src/segm_msgs/install/segm_msgs/lib/python3.8/site-packages/segm_msgs/msg/_mask.py
-- Installing: /home/docker_mask2former_ros2/colcon_ws/src/segm_msgs/install/segm_msgs/lib/python3.8/site-packages/segm_msgs/msg/_obstacles.py
-- Installing: /home/docker_mask2former_ros2/colcon_ws/src/segm_msgs/install/segm_msgs/lib/python3.8/site-packages/segm_msgs/msg/_mask_s.c
-- Installing: /home/docker_mask2former_ros2/colcon_ws/src/segm_msgs/install/segm_msgs/lib/python3.8/site-packages/segm_msgs/segm_msgs_s__rosidl_typesupport_fastrtps_c.cpython-38-x86_64-linux-gnu.so
-- Set runtime path of "/home/docker_mask2former_ros2/colcon_ws/src/segm_msgs/install/segm_msgs/lib/python3.8/site-packages/segm_msgs/segm_msgs_s__rosidl_typesupport_fastrtps_c.cpython-38-x86_64-linux-gnu.so" to ""
-- Installing: /home/docker_mask2former_ros2/colcon_ws/src/segm_msgs/install/segm_msgs/lib/python3.8/site-packages/segm_msgs/segm_msgs_s__rosidl_typesupport_introspection_c.cpython-38-x86_64-linux-gnu.so
-- Set runtime path of "/home/docker_mask2former_ros2/colcon_ws/src/segm_msgs/install/segm_msgs/lib/python3.8/site-packages/segm_msgs/segm_msgs_s__rosidl_typesupport_introspection_c.cpython-38-x86_64-linux-gnu.so" to ""
-- Installing: /home/docker_mask2former_ros2/colcon_ws/src/segm_msgs/install/segm_msgs/lib/python3.8/site-packages/segm_msgs/segm_msgs_s__rosidl_typesupport_c.cpython-38-x86_64-linux-gnu.so
-- Set runtime path of "/home/docker_mask2former_ros2/colcon_ws/src/segm_msgs/install/segm_msgs/lib/python3.8/site-packages/segm_msgs/segm_msgs_s__rosidl_typesupport_c.cpython-38-x86_64-linux-gnu.so" to ""
-- Installing: /home/docker_mask2former_ros2/colcon_ws/src/segm_msgs/install/segm_msgs/lib/libsegm_msgs__python.so
-- Set runtime path of "/home/docker_mask2former_ros2/colcon_ws/src/segm_msgs/install/segm_msgs/lib/libsegm_msgs__python.so" to ""
-- Installing: /home/docker_mask2former_ros2/colcon_ws/src/segm_msgs/install/segm_msgs/share/segm_msgs/msg/Mask.idl
-- Installing: /home/docker_mask2former_ros2/colcon_ws/src/segm_msgs/install/segm_msgs/share/segm_msgs/msg/Obstacles.idl
-- Installing: /home/docker_mask2former_ros2/colcon_ws/src/segm_msgs/install/segm_msgs/share/segm_msgs/msg/Mask.msg
-- Installing: /home/docker_mask2former_ros2/colcon_ws/src/segm_msgs/install/segm_msgs/share/segm_msgs/msg/Obstacles.msg
-- Installing: /home/docker_mask2former_ros2/colcon_ws/src/segm_msgs/install/segm_msgs/share/ament_index/resource_index/package_run_dependencies/segm_msgs
-- Installing: /home/docker_mask2former_ros2/colcon_ws/src/segm_msgs/install/segm_msgs/share/ament_index/resource_index/parent_prefix_path/segm_msgs
-- Installing: /home/docker_mask2former_ros2/colcon_ws/src/segm_msgs/install/segm_msgs/share/segm_msgs/environment/ament_prefix_path.sh
-- Installing: /home/docker_mask2former_ros2/colcon_ws/src/segm_msgs/install/segm_msgs/share/segm_msgs/environment/ament_prefix_path.dsv
-- Installing: /home/docker_mask2former_ros2/colcon_ws/src/segm_msgs/install/segm_msgs/share/segm_msgs/environment/path.sh
-- Installing: /home/docker_mask2former_ros2/colcon_ws/src/segm_msgs/install/segm_msgs/share/segm_msgs/environment/path.dsv
-- Installing: /home/docker_mask2former_ros2/colcon_ws/src/segm_msgs/install/segm_msgs/share/segm_msgs/local_setup.bash
-- Installing: /home/docker_mask2former_ros2/colcon_ws/src/segm_msgs/install/segm_msgs/share/segm_msgs/local_setup.sh
-- Installing: /home/docker_mask2former_ros2/colcon_ws/src/segm_msgs/install/segm_msgs/share/segm_msgs/local_setup.zsh
-- Installing: /home/docker_mask2former_ros2/colcon_ws/src/segm_msgs/install/segm_msgs/share/segm_msgs/local_setup.dsv
-- Installing: /home/docker_mask2former_ros2/colcon_ws/src/segm_msgs/install/segm_msgs/share/segm_msgs/package.dsv
-- Installing: /home/docker_mask2former_ros2/colcon_ws/src/segm_msgs/install/segm_msgs/share/ament_index/resource_index/packages/segm_msgs
-- Installing: /home/docker_mask2former_ros2/colcon_ws/src/segm_msgs/install/segm_msgs/share/segm_msgs/cmake/segm_msgs__rosidl_generator_cExport.cmake
-- Installing: /home/docker_mask2former_ros2/colcon_ws/src/segm_msgs/install/segm_msgs/share/segm_msgs/cmake/segm_msgs__rosidl_generator_cExport-noconfig.cmake
-- Installing: /home/docker_mask2former_ros2/colcon_ws/src/segm_msgs/install/segm_msgs/share/segm_msgs/cmake/segm_msgs__rosidl_typesupport_introspection_cExport.cmake
-- Installing: /home/docker_mask2former_ros2/colcon_ws/src/segm_msgs/install/segm_msgs/share/segm_msgs/cmake/segm_msgs__rosidl_typesupport_introspection_cExport-noconfig.cmake
-- Installing: /home/docker_mask2former_ros2/colcon_ws/src/segm_msgs/install/segm_msgs/share/segm_msgs/cmake/segm_msgs__rosidl_typesupport_cExport.cmake
-- Installing: /home/docker_mask2former_ros2/colcon_ws/src/segm_msgs/install/segm_msgs/share/segm_msgs/cmake/segm_msgs__rosidl_typesupport_cExport-noconfig.cmake
-- Installing: /home/docker_mask2former_ros2/colcon_ws/src/segm_msgs/install/segm_msgs/share/segm_msgs/cmake/segm_msgs__rosidl_generator_cppExport.cmake
-- Installing: /home/docker_mask2former_ros2/colcon_ws/src/segm_msgs/install/segm_msgs/share/segm_msgs/cmake/segm_msgs__rosidl_typesupport_introspection_cppExport.cmake
-- Installing: /home/docker_mask2former_ros2/colcon_ws/src/segm_msgs/install/segm_msgs/share/segm_msgs/cmake/segm_msgs__rosidl_typesupport_introspection_cppExport-noconfig.cmake
-- Installing: /home/docker_mask2former_ros2/colcon_ws/src/segm_msgs/install/segm_msgs/share/segm_msgs/cmake/segm_msgs__rosidl_typesupport_cppExport.cmake
-- Installing: /home/docker_mask2former_ros2/colcon_ws/src/segm_msgs/install/segm_msgs/share/segm_msgs/cmake/segm_msgs__rosidl_typesupport_cppExport-noconfig.cmake
-- Installing: /home/docker_mask2former_ros2/colcon_ws/src/segm_msgs/install/segm_msgs/share/segm_msgs/cmake/rosidl_cmake-extras.cmake
-- Installing: /home/docker_mask2former_ros2/colcon_ws/src/segm_msgs/install/segm_msgs/share/segm_msgs/cmake/ament_cmake_export_dependencies-extras.cmake
-- Installing: /home/docker_mask2former_ros2/colcon_ws/src/segm_msgs/install/segm_msgs/share/segm_msgs/cmake/ament_cmake_export_libraries-extras.cmake
-- Installing: /home/docker_mask2former_ros2/colcon_ws/src/segm_msgs/install/segm_msgs/share/segm_msgs/cmake/ament_cmake_export_targets-extras.cmake
-- Installing: /home/docker_mask2former_ros2/colcon_ws/src/segm_msgs/install/segm_msgs/share/segm_msgs/cmake/ament_cmake_export_include_directories-extras.cmake
-- Installing: /home/docker_mask2former_ros2/colcon_ws/src/segm_msgs/install/segm_msgs/share/segm_msgs/cmake/rosidl_cmake_export_typesupport_libraries-extras.cmake
-- Installing: /home/docker_mask2former_ros2/colcon_ws/src/segm_msgs/install/segm_msgs/share/segm_msgs/cmake/rosidl_cmake_export_typesupport_targets-extras.cmake
-- Installing: /home/docker_mask2former_ros2/colcon_ws/src/segm_msgs/install/segm_msgs/share/segm_msgs/cmake/segm_msgsConfig.cmake
-- Installing: /home/docker_mask2former_ros2/colcon_ws/src/segm_msgs/install/segm_msgs/share/segm_msgs/cmake/segm_msgsConfig-version.cmake
-- Installing: /home/docker_mask2former_ros2/colcon_ws/src/segm_msgs/install/segm_msgs/share/segm_msgs/package.xml
