[0.010s] Invoking command in '/home/docker_mask2former_ros2/colcon_ws/src/segm_msgs/build/segm_msgs': CMAKE_PREFIX_PATH=/opt/ros/foxy /usr/bin/cmake /home/docker_mask2former_ros2/colcon_ws/src/segm_msgs -DCMAKE_INSTALL_PREFIX=/home/docker_mask2former_ros2/colcon_ws/src/segm_msgs/install/segm_msgs
[0.023s] -- Found ament_cmake: 0.9.12 (/opt/ros/foxy/share/ament_cmake/cmake)
[0.043s] -- Using PYTHON_EXECUTABLE: /usr/bin/python3
[0.203s] -- Found ament_lint_auto: 0.9.8 (/opt/ros/foxy/share/ament_lint_auto/cmake)
[0.256s] -- Found std_msgs: 2.0.5 (/opt/ros/foxy/share/std_msgs/cmake)
[0.273s] -- Using all available rosidl_typesupport_c: rosidl_typesupport_fastrtps_c;rosidl_typesupport_introspection_c
[0.276s] -- Found rosidl_adapter: 1.3.1 (/opt/ros/foxy/share/rosidl_adapter/cmake)
[0.375s] -- Using all available rosidl_typesupport_cpp: rosidl_typesupport_fastrtps_cpp;rosidl_typesupport_introspection_cpp
[0.416s] -- Found rosidl_default_generators: 1.0.1 (/opt/ros/foxy/share/rosidl_default_generators/cmake)
[0.445s] -- Found PythonInterp: /usr/bin/python3 (found version "3.8.10") 
[0.541s] -- Found ament_cmake_ros: 0.9.2 (/opt/ros/foxy/share/ament_cmake_ros/cmake)
[0.749s] -- Using all available rosidl_typesupport_c: rosidl_typesupport_fastrtps_c;rosidl_typesupport_introspection_c
[0.816s] -- Using all available rosidl_typesupport_cpp: rosidl_typesupport_fastrtps_cpp;rosidl_typesupport_introspection_cpp
[0.845s] -- Found PythonInterp: /usr/bin/python3 (found suitable version "3.8.10", minimum required is "3.5") 
[0.847s] -- Found python_cmake_module: 0.8.1 (/opt/ros/foxy/share/python_cmake_module/cmake)
[0.887s] -- Found PythonLibs: /usr/lib/x86_64-linux-gnu/libpython3.8.so (found suitable version "3.8.10", minimum required is "3.5") 
[0.887s] -- Using PYTHON_EXECUTABLE: /usr/bin/python3
[0.888s] -- Using PYTHON_INCLUDE_DIRS: /usr/include/python3.8
[0.888s] -- Using PYTHON_LIBRARIES: /usr/lib/x86_64-linux-gnu/libpython3.8.so
[0.935s] -- Found PythonExtra: .so  
[0.998s] -- Added test 'copyright' to check source files copyright and LICENSE
[1.006s] -- Added test 'cppcheck' to perform static code analysis on C / C++ code
[1.008s] -- Configured cppcheck include dirs: $<BUILD_INTERFACE:/home/docker_mask2former_ros2/colcon_ws/src/segm_msgs/build/segm_msgs/rosidl_generator_c>;/home/docker_mask2former_ros2/colcon_ws/src/segm_msgs/build/segm_msgs/rosidl_generator_c;/home/docker_mask2former_ros2/colcon_ws/src/segm_msgs/build/segm_msgs/rosidl_generator_cpp;/home/docker_mask2former_ros2/colcon_ws/src/segm_msgs/build/segm_msgs/rosidl_typesupport_fastrtps_c;/home/docker_mask2former_ros2/colcon_ws/src/segm_msgs/build/segm_msgs/rosidl_typesupport_fastrtps_cpp;$<BUILD_INTERFACE:/home/docker_mask2former_ros2/colcon_ws/src/segm_msgs/build/segm_msgs/rosidl_typesupport_introspection_c>;$<BUILD_INTERFACE:/home/docker_mask2former_ros2/colcon_ws/src/segm_msgs/build/segm_msgs/rosidl_typesupport_c>;$<BUILD_INTERFACE:/home/docker_mask2former_ros2/colcon_ws/src/segm_msgs/build/segm_msgs/rosidl_generator_cpp>;/home/docker_mask2former_ros2/colcon_ws/src/segm_msgs/build/segm_msgs/rosidl_generator_py
[1.008s] -- Configured cppcheck exclude dirs and/or files: 
[1.016s] -- Added test 'cpplint' to check C / C++ code against the Google style
[1.016s] -- Configured cpplint exclude dirs and/or files: 
[1.017s] -- Added test 'flake8' to check Python code syntax and style conventions
[1.020s] -- Added test 'lint_cmake' to check CMake code style
[1.021s] -- Added test 'pep257' to check Python code against some of the style conventions in PEP 257
[1.029s] -- Added test 'uncrustify' to check C / C++ code style
[1.029s] -- Configured uncrustify additional arguments: 
[1.030s] -- Added test 'xmllint' to check XML markup files
[1.041s] -- Configuring done
[1.093s] -- Generating done
[1.096s] -- Build files have been written to: /home/docker_mask2former_ros2/colcon_ws/src/segm_msgs/build/segm_msgs
[1.100s] Invoked command in '/home/docker_mask2former_ros2/colcon_ws/src/segm_msgs/build/segm_msgs' returned '0': CMAKE_PREFIX_PATH=/opt/ros/foxy /usr/bin/cmake /home/docker_mask2former_ros2/colcon_ws/src/segm_msgs -DCMAKE_INSTALL_PREFIX=/home/docker_mask2former_ros2/colcon_ws/src/segm_msgs/install/segm_msgs
[1.102s] Invoking command in '/home/docker_mask2former_ros2/colcon_ws/src/segm_msgs/build/segm_msgs': CMAKE_PREFIX_PATH=/opt/ros/foxy /usr/bin/cmake --build /home/docker_mask2former_ros2/colcon_ws/src/segm_msgs/build/segm_msgs -- -j6 -l6
[1.138s] [  2%] [34m[1mGenerating C code for ROS interfaces[0m
[1.138s] [35m[1mScanning dependencies of target segm_msgs__cpp[0m
[1.148s] [  5%] [34m[1mGenerating C++ code for ROS interfaces[0m
[1.390s] [  5%] Built target segm_msgs__cpp
[1.399s] [ 10%] [34m[1mGenerating C++ type support dispatch for ROS interfaces[0m
[1.399s] [ 10%] [34m[1mGenerating C++ type support for eProsima Fast-RTPS[0m
[1.405s] [ 12%] [34m[1mGenerating C++ introspection for ROS interfaces[0m
[1.405s] [35m[1mScanning dependencies of target segm_msgs__rosidl_generator_c[0m
[1.425s] [ 15%] [32mBuilding C object CMakeFiles/segm_msgs__rosidl_generator_c.dir/rosidl_generator_c/segm_msgs/msg/detail/mask__functions.c.o[0m
[1.429s] [ 17%] [32mBuilding C object CMakeFiles/segm_msgs__rosidl_generator_c.dir/rosidl_generator_c/segm_msgs/msg/detail/obstacles__functions.c.o[0m
[1.501s] [ 20%] [32m[1mLinking C shared library libsegm_msgs__rosidl_generator_c.so[0m
[1.541s] [ 20%] Built target segm_msgs__rosidl_generator_c
[1.550s] [ 25%] [34m[1mGenerating C type support dispatch for ROS interfaces[0m
[1.550s] [ 25%] [34m[1mGenerating C introspection for ROS interfaces[0m
[1.603s] [35m[1mScanning dependencies of target segm_msgs__rosidl_typesupport_cpp[0m
[1.620s] [ 28%] [32mBuilding CXX object CMakeFiles/segm_msgs__rosidl_typesupport_cpp.dir/rosidl_typesupport_cpp/segm_msgs/msg/mask__type_support.cpp.o[0m
[1.633s] [35m[1mScanning dependencies of target segm_msgs__rosidl_typesupport_introspection_cpp[0m
[1.635s] [ 30%] [32mBuilding CXX object CMakeFiles/segm_msgs__rosidl_typesupport_cpp.dir/rosidl_typesupport_cpp/segm_msgs/msg/obstacles__type_support.cpp.o[0m
[1.655s] [35m[1mScanning dependencies of target segm_msgs__rosidl_typesupport_fastrtps_cpp[0m
[1.658s] [ 33%] [32mBuilding CXX object CMakeFiles/segm_msgs__rosidl_typesupport_introspection_cpp.dir/rosidl_typesupport_introspection_cpp/segm_msgs/msg/detail/mask__type_support.cpp.o[0m
[1.678s] [ 35%] [32mBuilding CXX object CMakeFiles/segm_msgs__rosidl_typesupport_fastrtps_cpp.dir/rosidl_typesupport_fastrtps_cpp/segm_msgs/msg/detail/dds_fastrtps/mask__type_support.cpp.o[0m
[1.753s] [35m[1mScanning dependencies of target segm_msgs__rosidl_typesupport_c[0m
[1.766s] [ 38%] [32mBuilding CXX object CMakeFiles/segm_msgs__rosidl_typesupport_c.dir/rosidl_typesupport_c/segm_msgs/msg/mask__type_support.cpp.o[0m
[1.793s] [35m[1mScanning dependencies of target segm_msgs__rosidl_typesupport_introspection_c[0m
[1.797s] [ 41%] [32mBuilding CXX object CMakeFiles/segm_msgs__rosidl_typesupport_c.dir/rosidl_typesupport_c/segm_msgs/msg/obstacles__type_support.cpp.o[0m
[1.809s] [ 43%] [32mBuilding C object CMakeFiles/segm_msgs__rosidl_typesupport_introspection_c.dir/rosidl_typesupport_introspection_c/segm_msgs/msg/detail/mask__type_support.c.o[0m
[1.827s] [ 46%] [32m[1mLinking CXX shared library libsegm_msgs__rosidl_typesupport_c.so[0m
[1.852s] [ 48%] [32mBuilding C object CMakeFiles/segm_msgs__rosidl_typesupport_introspection_c.dir/rosidl_typesupport_introspection_c/segm_msgs/msg/detail/obstacles__type_support.c.o[0m
[1.867s] [ 48%] Built target segm_msgs__rosidl_typesupport_c
[1.878s] [ 51%] [32mBuilding CXX object CMakeFiles/segm_msgs__rosidl_typesupport_fastrtps_cpp.dir/rosidl_typesupport_fastrtps_cpp/segm_msgs/msg/detail/dds_fastrtps/obstacles__type_support.cpp.o[0m
[1.888s] [ 53%] [32m[1mLinking C shared library libsegm_msgs__rosidl_typesupport_introspection_c.so[0m
[1.919s] [ 53%] Built target segm_msgs__rosidl_typesupport_introspection_c
[1.928s] [ 56%] [32mBuilding CXX object CMakeFiles/segm_msgs__rosidl_typesupport_introspection_cpp.dir/rosidl_typesupport_introspection_cpp/segm_msgs/msg/detail/obstacles__type_support.cpp.o[0m
[1.958s] [ 58%] [32m[1mLinking CXX shared library libsegm_msgs__rosidl_typesupport_cpp.so[0m
[1.998s] [ 58%] Built target segm_msgs__rosidl_typesupport_cpp
[2.301s] [ 61%] [32m[1mLinking CXX shared library libsegm_msgs__rosidl_typesupport_introspection_cpp.so[0m
[2.361s] [ 64%] [32m[1mLinking CXX shared library libsegm_msgs__rosidl_typesupport_fastrtps_cpp.so[0m
[2.373s] [ 64%] Built target segm_msgs__rosidl_typesupport_introspection_cpp
[2.446s] [ 64%] Built target segm_msgs__rosidl_typesupport_fastrtps_cpp
[2.455s] [ 66%] [34m[1mGenerating C type support for eProsima Fast-RTPS[0m
[2.670s] [35m[1mScanning dependencies of target segm_msgs__rosidl_typesupport_fastrtps_c[0m
[2.687s] [ 69%] [32mBuilding CXX object CMakeFiles/segm_msgs__rosidl_typesupport_fastrtps_c.dir/rosidl_typesupport_fastrtps_c/segm_msgs/msg/detail/mask__type_support_c.cpp.o[0m
[2.687s] [ 71%] [32mBuilding CXX object CMakeFiles/segm_msgs__rosidl_typesupport_fastrtps_c.dir/rosidl_typesupport_fastrtps_c/segm_msgs/msg/detail/obstacles__type_support_c.cpp.o[0m
[2.991s] [ 74%] [32m[1mLinking CXX shared library libsegm_msgs__rosidl_typesupport_fastrtps_c.so[0m
[3.067s] [ 74%] Built target segm_msgs__rosidl_typesupport_fastrtps_c
[3.075s] [35m[1mScanning dependencies of target segm_msgs[0m
[3.084s] [ 74%] Built target segm_msgs
[3.093s] [35m[1mScanning dependencies of target segm_msgs__py[0m
[3.103s] [ 76%] [34m[1mGenerating Python code for ROS interfaces[0m
[3.482s] [ 76%] Built target segm_msgs__py
[3.491s] [35m[1mScanning dependencies of target segm_msgs__python[0m
[3.605s] [ 79%] [32mBuilding C object CMakeFiles/segm_msgs__python.dir/rosidl_generator_py/segm_msgs/msg/_mask_s.c.o[0m
[3.606s] [ 82%] [32mBuilding C object CMakeFiles/segm_msgs__python.dir/rosidl_generator_py/segm_msgs/msg/_obstacles_s.c.o[0m
[3.722s] [ 84%] [32m[1mLinking C shared library rosidl_generator_py/segm_msgs/libsegm_msgs__python.so[0m
[3.760s] [ 84%] Built target segm_msgs__python
[3.770s] [35m[1mScanning dependencies of target segm_msgs__rosidl_typesupport_c__pyext[0m
[3.770s] [35m[1mScanning dependencies of target segm_msgs__rosidl_typesupport_introspection_c__pyext[0m
[3.770s] [35m[1mScanning dependencies of target segm_msgs__rosidl_typesupport_fastrtps_c__pyext[0m
[3.788s] [ 87%] [32mBuilding C object CMakeFiles/segm_msgs__rosidl_typesupport_introspection_c__pyext.dir/rosidl_generator_py/segm_msgs/_segm_msgs_s.ep.rosidl_typesupport_introspection_c.c.o[0m
[3.788s] [ 89%] [32mBuilding C object CMakeFiles/segm_msgs__rosidl_typesupport_c__pyext.dir/rosidl_generator_py/segm_msgs/_segm_msgs_s.ep.rosidl_typesupport_c.c.o[0m
[3.790s] [ 92%] [32mBuilding C object CMakeFiles/segm_msgs__rosidl_typesupport_fastrtps_c__pyext.dir/rosidl_generator_py/segm_msgs/_segm_msgs_s.ep.rosidl_typesupport_fastrtps_c.c.o[0m
[3.864s] [ 94%] [32m[1mLinking C shared library rosidl_generator_py/segm_msgs/segm_msgs_s__rosidl_typesupport_introspection_c.cpython-38-x86_64-linux-gnu.so[0m
[3.864s] [ 97%] [32m[1mLinking C shared library rosidl_generator_py/segm_msgs/segm_msgs_s__rosidl_typesupport_c.cpython-38-x86_64-linux-gnu.so[0m
[3.867s] [100%] [32m[1mLinking CXX shared library rosidl_generator_py/segm_msgs/segm_msgs_s__rosidl_typesupport_fastrtps_c.cpython-38-x86_64-linux-gnu.so[0m
[3.899s] [100%] Built target segm_msgs__rosidl_typesupport_c__pyext
[3.899s] [100%] Built target segm_msgs__rosidl_typesupport_introspection_c__pyext
[3.928s] [100%] Built target segm_msgs__rosidl_typesupport_fastrtps_c__pyext
[3.938s] Invoked command in '/home/docker_mask2former_ros2/colcon_ws/src/segm_msgs/build/segm_msgs' returned '0': CMAKE_PREFIX_PATH=/opt/ros/foxy /usr/bin/cmake --build /home/docker_mask2former_ros2/colcon_ws/src/segm_msgs/build/segm_msgs -- -j6 -l6
[4.005s] Invoking command in '/home/docker_mask2former_ros2/colcon_ws/src/segm_msgs/build/segm_msgs': CMAKE_PREFIX_PATH=/opt/ros/foxy /usr/bin/cmake --install /home/docker_mask2former_ros2/colcon_ws/src/segm_msgs/build/segm_msgs
[4.013s] -- Install configuration: ""
[4.013s] -- Installing: /home/docker_mask2former_ros2/colcon_ws/src/segm_msgs/install/segm_msgs/share/ament_index/resource_index/rosidl_interfaces/segm_msgs
[4.013s] -- Installing: /home/docker_mask2former_ros2/colcon_ws/src/segm_msgs/install/segm_msgs/include/segm_msgs
[4.013s] -- Installing: /home/docker_mask2former_ros2/colcon_ws/src/segm_msgs/install/segm_msgs/include/segm_msgs/msg
[4.013s] -- Installing: /home/docker_mask2former_ros2/colcon_ws/src/segm_msgs/install/segm_msgs/include/segm_msgs/msg/detail
[4.013s] -- Installing: /home/docker_mask2former_ros2/colcon_ws/src/segm_msgs/install/segm_msgs/include/segm_msgs/msg/detail/obstacles__functions.c
[4.014s] -- Installing: /home/docker_mask2former_ros2/colcon_ws/src/segm_msgs/install/segm_msgs/include/segm_msgs/msg/detail/mask__struct.h
[4.014s] -- Installing: /home/docker_mask2former_ros2/colcon_ws/src/segm_msgs/install/segm_msgs/include/segm_msgs/msg/detail/obstacles__functions.h
[4.014s] -- Installing: /home/docker_mask2former_ros2/colcon_ws/src/segm_msgs/install/segm_msgs/include/segm_msgs/msg/detail/mask__functions.h
[4.014s] -- Installing: /home/docker_mask2former_ros2/colcon_ws/src/segm_msgs/install/segm_msgs/include/segm_msgs/msg/detail/mask__type_support.h
[4.014s] -- Installing: /home/docker_mask2former_ros2/colcon_ws/src/segm_msgs/install/segm_msgs/include/segm_msgs/msg/detail/obstacles__type_support.h
[4.014s] -- Installing: /home/docker_mask2former_ros2/colcon_ws/src/segm_msgs/install/segm_msgs/include/segm_msgs/msg/detail/obstacles__struct.h
[4.014s] -- Installing: /home/docker_mask2former_ros2/colcon_ws/src/segm_msgs/install/segm_msgs/include/segm_msgs/msg/detail/mask__functions.c
[4.014s] -- Installing: /home/docker_mask2former_ros2/colcon_ws/src/segm_msgs/install/segm_msgs/include/segm_msgs/msg/obstacles.h
[4.014s] -- Installing: /home/docker_mask2former_ros2/colcon_ws/src/segm_msgs/install/segm_msgs/include/segm_msgs/msg/rosidl_generator_c__visibility_control.h
[4.014s] -- Installing: /home/docker_mask2former_ros2/colcon_ws/src/segm_msgs/install/segm_msgs/include/segm_msgs/msg/mask.h
[4.014s] -- Installing: /home/docker_mask2former_ros2/colcon_ws/src/segm_msgs/install/segm_msgs/share/segm_msgs/environment/library_path.sh
[4.014s] -- Installing: /home/docker_mask2former_ros2/colcon_ws/src/segm_msgs/install/segm_msgs/share/segm_msgs/environment/library_path.dsv
[4.015s] -- Installing: /home/docker_mask2former_ros2/colcon_ws/src/segm_msgs/install/segm_msgs/lib/libsegm_msgs__rosidl_generator_c.so
[4.015s] -- Set runtime path of "/home/docker_mask2former_ros2/colcon_ws/src/segm_msgs/install/segm_msgs/lib/libsegm_msgs__rosidl_generator_c.so" to ""
[4.015s] -- Up-to-date: /home/docker_mask2former_ros2/colcon_ws/src/segm_msgs/install/segm_msgs/include/segm_msgs
[4.015s] -- Up-to-date: /home/docker_mask2former_ros2/colcon_ws/src/segm_msgs/install/segm_msgs/include/segm_msgs/msg
[4.015s] -- Up-to-date: /home/docker_mask2former_ros2/colcon_ws/src/segm_msgs/install/segm_msgs/include/segm_msgs/msg/detail
[4.015s] -- Installing: /home/docker_mask2former_ros2/colcon_ws/src/segm_msgs/install/segm_msgs/include/segm_msgs/msg/detail/obstacles__rosidl_typesupport_fastrtps_c.h
[4.015s] -- Installing: /home/docker_mask2former_ros2/colcon_ws/src/segm_msgs/install/segm_msgs/include/segm_msgs/msg/detail/mask__rosidl_typesupport_fastrtps_c.h
[4.015s] -- Installing: /home/docker_mask2former_ros2/colcon_ws/src/segm_msgs/install/segm_msgs/include/segm_msgs/msg/rosidl_typesupport_fastrtps_c__visibility_control.h
[4.015s] -- Installing: /home/docker_mask2former_ros2/colcon_ws/src/segm_msgs/install/segm_msgs/lib/libsegm_msgs__rosidl_typesupport_fastrtps_c.so
[4.016s] -- Set runtime path of "/home/docker_mask2former_ros2/colcon_ws/src/segm_msgs/install/segm_msgs/lib/libsegm_msgs__rosidl_typesupport_fastrtps_c.so" to ""
[4.016s] -- Up-to-date: /home/docker_mask2former_ros2/colcon_ws/src/segm_msgs/install/segm_msgs/include/segm_msgs
[4.016s] -- Up-to-date: /home/docker_mask2former_ros2/colcon_ws/src/segm_msgs/install/segm_msgs/include/segm_msgs/msg
[4.016s] -- Up-to-date: /home/docker_mask2former_ros2/colcon_ws/src/segm_msgs/install/segm_msgs/include/segm_msgs/msg/detail
[4.016s] -- Installing: /home/docker_mask2former_ros2/colcon_ws/src/segm_msgs/install/segm_msgs/include/segm_msgs/msg/detail/mask__rosidl_typesupport_fastrtps_cpp.hpp
[4.016s] -- Installing: /home/docker_mask2former_ros2/colcon_ws/src/segm_msgs/install/segm_msgs/include/segm_msgs/msg/detail/obstacles__rosidl_typesupport_fastrtps_cpp.hpp
[4.016s] -- Installing: /home/docker_mask2former_ros2/colcon_ws/src/segm_msgs/install/segm_msgs/include/segm_msgs/msg/detail/dds_fastrtps
[4.016s] -- Installing: /home/docker_mask2former_ros2/colcon_ws/src/segm_msgs/install/segm_msgs/include/segm_msgs/msg/rosidl_typesupport_fastrtps_cpp__visibility_control.h
[4.016s] -- Installing: /home/docker_mask2former_ros2/colcon_ws/src/segm_msgs/install/segm_msgs/lib/libsegm_msgs__rosidl_typesupport_fastrtps_cpp.so
[4.017s] -- Set runtime path of "/home/docker_mask2former_ros2/colcon_ws/src/segm_msgs/install/segm_msgs/lib/libsegm_msgs__rosidl_typesupport_fastrtps_cpp.so" to ""
[4.017s] -- Up-to-date: /home/docker_mask2former_ros2/colcon_ws/src/segm_msgs/install/segm_msgs/include/segm_msgs
[4.017s] -- Up-to-date: /home/docker_mask2former_ros2/colcon_ws/src/segm_msgs/install/segm_msgs/include/segm_msgs/msg
[4.017s] -- Up-to-date: /home/docker_mask2former_ros2/colcon_ws/src/segm_msgs/install/segm_msgs/include/segm_msgs/msg/detail
[4.017s] -- Installing: /home/docker_mask2former_ros2/colcon_ws/src/segm_msgs/install/segm_msgs/include/segm_msgs/msg/detail/mask__type_support.c
[4.017s] -- Installing: /home/docker_mask2former_ros2/colcon_ws/src/segm_msgs/install/segm_msgs/include/segm_msgs/msg/detail/mask__rosidl_typesupport_introspection_c.h
[4.017s] -- Installing: /home/docker_mask2former_ros2/colcon_ws/src/segm_msgs/install/segm_msgs/include/segm_msgs/msg/detail/obstacles__rosidl_typesupport_introspection_c.h
[4.017s] -- Installing: /home/docker_mask2former_ros2/colcon_ws/src/segm_msgs/install/segm_msgs/include/segm_msgs/msg/detail/obstacles__type_support.c
[4.017s] -- Installing: /home/docker_mask2former_ros2/colcon_ws/src/segm_msgs/install/segm_msgs/include/segm_msgs/msg/rosidl_typesupport_introspection_c__visibility_control.h
[4.017s] -- Installing: /home/docker_mask2former_ros2/colcon_ws/src/segm_msgs/install/segm_msgs/lib/libsegm_msgs__rosidl_typesupport_introspection_c.so
[4.018s] -- Set runtime path of "/home/docker_mask2former_ros2/colcon_ws/src/segm_msgs/install/segm_msgs/lib/libsegm_msgs__rosidl_typesupport_introspection_c.so" to ""
[4.018s] -- Installing: /home/docker_mask2former_ros2/colcon_ws/src/segm_msgs/install/segm_msgs/lib/libsegm_msgs__rosidl_typesupport_c.so
[4.018s] -- Set runtime path of "/home/docker_mask2former_ros2/colcon_ws/src/segm_msgs/install/segm_msgs/lib/libsegm_msgs__rosidl_typesupport_c.so" to ""
[4.018s] -- Up-to-date: /home/docker_mask2former_ros2/colcon_ws/src/segm_msgs/install/segm_msgs/include/segm_msgs
[4.018s] -- Up-to-date: /home/docker_mask2former_ros2/colcon_ws/src/segm_msgs/install/segm_msgs/include/segm_msgs/msg
[4.018s] -- Installing: /home/docker_mask2former_ros2/colcon_ws/src/segm_msgs/install/segm_msgs/include/segm_msgs/msg/mask.hpp
[4.018s] -- Up-to-date: /home/docker_mask2former_ros2/colcon_ws/src/segm_msgs/install/segm_msgs/include/segm_msgs/msg/detail
[4.019s] -- Installing: /home/docker_mask2former_ros2/colcon_ws/src/segm_msgs/install/segm_msgs/include/segm_msgs/msg/detail/mask__struct.hpp
[4.019s] -- Installing: /home/docker_mask2former_ros2/colcon_ws/src/segm_msgs/install/segm_msgs/include/segm_msgs/msg/detail/obstacles__struct.hpp
[4.019s] -- Installing: /home/docker_mask2former_ros2/colcon_ws/src/segm_msgs/install/segm_msgs/include/segm_msgs/msg/detail/obstacles__builder.hpp
[4.019s] -- Installing: /home/docker_mask2former_ros2/colcon_ws/src/segm_msgs/install/segm_msgs/include/segm_msgs/msg/detail/mask__type_support.hpp
[4.019s] -- Installing: /home/docker_mask2former_ros2/colcon_ws/src/segm_msgs/install/segm_msgs/include/segm_msgs/msg/detail/mask__builder.hpp
[4.019s] -- Installing: /home/docker_mask2former_ros2/colcon_ws/src/segm_msgs/install/segm_msgs/include/segm_msgs/msg/detail/obstacles__traits.hpp
[4.019s] -- Installing: /home/docker_mask2former_ros2/colcon_ws/src/segm_msgs/install/segm_msgs/include/segm_msgs/msg/detail/obstacles__type_support.hpp
[4.019s] -- Installing: /home/docker_mask2former_ros2/colcon_ws/src/segm_msgs/install/segm_msgs/include/segm_msgs/msg/detail/mask__traits.hpp
[4.019s] -- Installing: /home/docker_mask2former_ros2/colcon_ws/src/segm_msgs/install/segm_msgs/include/segm_msgs/msg/rosidl_generator_cpp__visibility_control.hpp
[4.019s] -- Installing: /home/docker_mask2former_ros2/colcon_ws/src/segm_msgs/install/segm_msgs/include/segm_msgs/msg/obstacles.hpp
[4.020s] -- Up-to-date: /home/docker_mask2former_ros2/colcon_ws/src/segm_msgs/install/segm_msgs/include/segm_msgs
[4.020s] -- Up-to-date: /home/docker_mask2former_ros2/colcon_ws/src/segm_msgs/install/segm_msgs/include/segm_msgs/msg
[4.020s] -- Up-to-date: /home/docker_mask2former_ros2/colcon_ws/src/segm_msgs/install/segm_msgs/include/segm_msgs/msg/detail
[4.020s] -- Installing: /home/docker_mask2former_ros2/colcon_ws/src/segm_msgs/install/segm_msgs/include/segm_msgs/msg/detail/obstacles__type_support.cpp
[4.020s] -- Installing: /home/docker_mask2former_ros2/colcon_ws/src/segm_msgs/install/segm_msgs/include/segm_msgs/msg/detail/mask__type_support.cpp
[4.020s] -- Installing: /home/docker_mask2former_ros2/colcon_ws/src/segm_msgs/install/segm_msgs/include/segm_msgs/msg/detail/obstacles__rosidl_typesupport_introspection_cpp.hpp
[4.020s] -- Installing: /home/docker_mask2former_ros2/colcon_ws/src/segm_msgs/install/segm_msgs/include/segm_msgs/msg/detail/mask__rosidl_typesupport_introspection_cpp.hpp
[4.020s] -- Installing: /home/docker_mask2former_ros2/colcon_ws/src/segm_msgs/install/segm_msgs/lib/libsegm_msgs__rosidl_typesupport_introspection_cpp.so
[4.020s] -- Set runtime path of "/home/docker_mask2former_ros2/colcon_ws/src/segm_msgs/install/segm_msgs/lib/libsegm_msgs__rosidl_typesupport_introspection_cpp.so" to ""
[4.021s] -- Installing: /home/docker_mask2former_ros2/colcon_ws/src/segm_msgs/install/segm_msgs/lib/libsegm_msgs__rosidl_typesupport_cpp.so
[4.021s] -- Set runtime path of "/home/docker_mask2former_ros2/colcon_ws/src/segm_msgs/install/segm_msgs/lib/libsegm_msgs__rosidl_typesupport_cpp.so" to ""
[4.021s] -- Installing: /home/docker_mask2former_ros2/colcon_ws/src/segm_msgs/install/segm_msgs/share/segm_msgs/environment/pythonpath.sh
[4.021s] -- Installing: /home/docker_mask2former_ros2/colcon_ws/src/segm_msgs/install/segm_msgs/share/segm_msgs/environment/pythonpath.dsv
[4.021s] -- Installing: /home/docker_mask2former_ros2/colcon_ws/src/segm_msgs/install/segm_msgs/lib/python3.8/site-packages/segm_msgs/__init__.py
[4.049s] Compiling '/home/docker_mask2former_ros2/colcon_ws/src/segm_msgs/install/segm_msgs/lib/python3.8/site-packages/segm_msgs/__init__.py'...
[4.053s] -- Installing: /home/docker_mask2former_ros2/colcon_ws/src/segm_msgs/install/segm_msgs/lib/python3.8/site-packages/segm_msgs/msg
[4.053s] -- Installing: /home/docker_mask2former_ros2/colcon_ws/src/segm_msgs/install/segm_msgs/lib/python3.8/site-packages/segm_msgs/msg/_obstacles_s.c
[4.053s] -- Installing: /home/docker_mask2former_ros2/colcon_ws/src/segm_msgs/install/segm_msgs/lib/python3.8/site-packages/segm_msgs/msg/__init__.py
[4.053s] -- Installing: /home/docker_mask2former_ros2/colcon_ws/src/segm_msgs/install/segm_msgs/lib/python3.8/site-packages/segm_msgs/msg/_mask.py
[4.053s] -- Installing: /home/docker_mask2former_ros2/colcon_ws/src/segm_msgs/install/segm_msgs/lib/python3.8/site-packages/segm_msgs/msg/_obstacles.py
[4.053s] -- Installing: /home/docker_mask2former_ros2/colcon_ws/src/segm_msgs/install/segm_msgs/lib/python3.8/site-packages/segm_msgs/msg/_mask_s.c
[4.053s] -- Installing: /home/docker_mask2former_ros2/colcon_ws/src/segm_msgs/install/segm_msgs/lib/python3.8/site-packages/segm_msgs/segm_msgs_s__rosidl_typesupport_fastrtps_c.cpython-38-x86_64-linux-gnu.so
[4.054s] -- Set runtime path of "/home/docker_mask2former_ros2/colcon_ws/src/segm_msgs/install/segm_msgs/lib/python3.8/site-packages/segm_msgs/segm_msgs_s__rosidl_typesupport_fastrtps_c.cpython-38-x86_64-linux-gnu.so" to ""
[4.054s] -- Installing: /home/docker_mask2former_ros2/colcon_ws/src/segm_msgs/install/segm_msgs/lib/python3.8/site-packages/segm_msgs/segm_msgs_s__rosidl_typesupport_introspection_c.cpython-38-x86_64-linux-gnu.so
[4.054s] -- Set runtime path of "/home/docker_mask2former_ros2/colcon_ws/src/segm_msgs/install/segm_msgs/lib/python3.8/site-packages/segm_msgs/segm_msgs_s__rosidl_typesupport_introspection_c.cpython-38-x86_64-linux-gnu.so" to ""
[4.054s] -- Installing: /home/docker_mask2former_ros2/colcon_ws/src/segm_msgs/install/segm_msgs/lib/python3.8/site-packages/segm_msgs/segm_msgs_s__rosidl_typesupport_c.cpython-38-x86_64-linux-gnu.so
[4.055s] -- Set runtime path of "/home/docker_mask2former_ros2/colcon_ws/src/segm_msgs/install/segm_msgs/lib/python3.8/site-packages/segm_msgs/segm_msgs_s__rosidl_typesupport_c.cpython-38-x86_64-linux-gnu.so" to ""
[4.055s] -- Installing: /home/docker_mask2former_ros2/colcon_ws/src/segm_msgs/install/segm_msgs/lib/libsegm_msgs__python.so
[4.055s] -- Set runtime path of "/home/docker_mask2former_ros2/colcon_ws/src/segm_msgs/install/segm_msgs/lib/libsegm_msgs__python.so" to ""
[4.055s] -- Installing: /home/docker_mask2former_ros2/colcon_ws/src/segm_msgs/install/segm_msgs/share/segm_msgs/msg/Mask.idl
[4.055s] -- Installing: /home/docker_mask2former_ros2/colcon_ws/src/segm_msgs/install/segm_msgs/share/segm_msgs/msg/Obstacles.idl
[4.056s] -- Installing: /home/docker_mask2former_ros2/colcon_ws/src/segm_msgs/install/segm_msgs/share/segm_msgs/msg/Mask.msg
[4.056s] -- Installing: /home/docker_mask2former_ros2/colcon_ws/src/segm_msgs/install/segm_msgs/share/segm_msgs/msg/Obstacles.msg
[4.056s] -- Installing: /home/docker_mask2former_ros2/colcon_ws/src/segm_msgs/install/segm_msgs/share/ament_index/resource_index/package_run_dependencies/segm_msgs
[4.056s] -- Installing: /home/docker_mask2former_ros2/colcon_ws/src/segm_msgs/install/segm_msgs/share/ament_index/resource_index/parent_prefix_path/segm_msgs
[4.056s] -- Installing: /home/docker_mask2former_ros2/colcon_ws/src/segm_msgs/install/segm_msgs/share/segm_msgs/environment/ament_prefix_path.sh
[4.056s] -- Installing: /home/docker_mask2former_ros2/colcon_ws/src/segm_msgs/install/segm_msgs/share/segm_msgs/environment/ament_prefix_path.dsv
[4.056s] -- Installing: /home/docker_mask2former_ros2/colcon_ws/src/segm_msgs/install/segm_msgs/share/segm_msgs/environment/path.sh
[4.057s] -- Installing: /home/docker_mask2former_ros2/colcon_ws/src/segm_msgs/install/segm_msgs/share/segm_msgs/environment/path.dsv
[4.057s] -- Installing: /home/docker_mask2former_ros2/colcon_ws/src/segm_msgs/install/segm_msgs/share/segm_msgs/local_setup.bash
[4.057s] -- Installing: /home/docker_mask2former_ros2/colcon_ws/src/segm_msgs/install/segm_msgs/share/segm_msgs/local_setup.sh
[4.057s] -- Installing: /home/docker_mask2former_ros2/colcon_ws/src/segm_msgs/install/segm_msgs/share/segm_msgs/local_setup.zsh
[4.057s] -- Installing: /home/docker_mask2former_ros2/colcon_ws/src/segm_msgs/install/segm_msgs/share/segm_msgs/local_setup.dsv
[4.057s] -- Installing: /home/docker_mask2former_ros2/colcon_ws/src/segm_msgs/install/segm_msgs/share/segm_msgs/package.dsv
[4.057s] -- Installing: /home/docker_mask2former_ros2/colcon_ws/src/segm_msgs/install/segm_msgs/share/ament_index/resource_index/packages/segm_msgs
[4.058s] -- Installing: /home/docker_mask2former_ros2/colcon_ws/src/segm_msgs/install/segm_msgs/share/segm_msgs/cmake/segm_msgs__rosidl_generator_cExport.cmake
[4.058s] -- Installing: /home/docker_mask2former_ros2/colcon_ws/src/segm_msgs/install/segm_msgs/share/segm_msgs/cmake/segm_msgs__rosidl_generator_cExport-noconfig.cmake
[4.058s] -- Installing: /home/docker_mask2former_ros2/colcon_ws/src/segm_msgs/install/segm_msgs/share/segm_msgs/cmake/segm_msgs__rosidl_typesupport_introspection_cExport.cmake
[4.058s] -- Installing: /home/docker_mask2former_ros2/colcon_ws/src/segm_msgs/install/segm_msgs/share/segm_msgs/cmake/segm_msgs__rosidl_typesupport_introspection_cExport-noconfig.cmake
[4.058s] -- Installing: /home/docker_mask2former_ros2/colcon_ws/src/segm_msgs/install/segm_msgs/share/segm_msgs/cmake/segm_msgs__rosidl_typesupport_cExport.cmake
[4.058s] -- Installing: /home/docker_mask2former_ros2/colcon_ws/src/segm_msgs/install/segm_msgs/share/segm_msgs/cmake/segm_msgs__rosidl_typesupport_cExport-noconfig.cmake
[4.058s] -- Installing: /home/docker_mask2former_ros2/colcon_ws/src/segm_msgs/install/segm_msgs/share/segm_msgs/cmake/segm_msgs__rosidl_generator_cppExport.cmake
[4.059s] -- Installing: /home/docker_mask2former_ros2/colcon_ws/src/segm_msgs/install/segm_msgs/share/segm_msgs/cmake/segm_msgs__rosidl_typesupport_introspection_cppExport.cmake
[4.059s] -- Installing: /home/docker_mask2former_ros2/colcon_ws/src/segm_msgs/install/segm_msgs/share/segm_msgs/cmake/segm_msgs__rosidl_typesupport_introspection_cppExport-noconfig.cmake
[4.059s] -- Installing: /home/docker_mask2former_ros2/colcon_ws/src/segm_msgs/install/segm_msgs/share/segm_msgs/cmake/segm_msgs__rosidl_typesupport_cppExport.cmake
[4.059s] -- Installing: /home/docker_mask2former_ros2/colcon_ws/src/segm_msgs/install/segm_msgs/share/segm_msgs/cmake/segm_msgs__rosidl_typesupport_cppExport-noconfig.cmake
[4.059s] -- Installing: /home/docker_mask2former_ros2/colcon_ws/src/segm_msgs/install/segm_msgs/share/segm_msgs/cmake/rosidl_cmake-extras.cmake
[4.059s] -- Installing: /home/docker_mask2former_ros2/colcon_ws/src/segm_msgs/install/segm_msgs/share/segm_msgs/cmake/ament_cmake_export_dependencies-extras.cmake
[4.059s] -- Installing: /home/docker_mask2former_ros2/colcon_ws/src/segm_msgs/install/segm_msgs/share/segm_msgs/cmake/ament_cmake_export_libraries-extras.cmake
[4.060s] -- Installing: /home/docker_mask2former_ros2/colcon_ws/src/segm_msgs/install/segm_msgs/share/segm_msgs/cmake/ament_cmake_export_targets-extras.cmake
[4.060s] -- Installing: /home/docker_mask2former_ros2/colcon_ws/src/segm_msgs/install/segm_msgs/share/segm_msgs/cmake/ament_cmake_export_include_directories-extras.cmake
[4.060s] -- Installing: /home/docker_mask2former_ros2/colcon_ws/src/segm_msgs/install/segm_msgs/share/segm_msgs/cmake/rosidl_cmake_export_typesupport_libraries-extras.cmake
[4.060s] -- Installing: /home/docker_mask2former_ros2/colcon_ws/src/segm_msgs/install/segm_msgs/share/segm_msgs/cmake/rosidl_cmake_export_typesupport_targets-extras.cmake
[4.060s] -- Installing: /home/docker_mask2former_ros2/colcon_ws/src/segm_msgs/install/segm_msgs/share/segm_msgs/cmake/segm_msgsConfig.cmake
[4.060s] -- Installing: /home/docker_mask2former_ros2/colcon_ws/src/segm_msgs/install/segm_msgs/share/segm_msgs/cmake/segm_msgsConfig-version.cmake
[4.060s] -- Installing: /home/docker_mask2former_ros2/colcon_ws/src/segm_msgs/install/segm_msgs/share/segm_msgs/package.xml
[4.063s] Invoked command in '/home/docker_mask2former_ros2/colcon_ws/src/segm_msgs/build/segm_msgs' returned '0': CMAKE_PREFIX_PATH=/opt/ros/foxy /usr/bin/cmake --install /home/docker_mask2former_ros2/colcon_ws/src/segm_msgs/build/segm_msgs
