[0.008s] Invoking command in '/home/docker_mask2former_ros2/colcon_ws/src/segm_msgs/build/segm_msgs': CMAKE_PREFIX_PATH=/opt/ros/foxy /usr/bin/cmake /home/docker_mask2former_ros2/colcon_ws/src/segm_msgs -DCMAKE_INSTALL_PREFIX=/home/docker_mask2former_ros2/colcon_ws/src/segm_msgs/install/segm_msgs
[0.565s] -- The C compiler identification is GNU 9.4.0
[0.841s] -- The CXX compiler identification is GNU 9.4.0
[0.853s] -- Check for working C compiler: /usr/bin/cc
[0.930s] -- Check for working C compiler: /usr/bin/cc -- works
[0.932s] -- Detecting C compiler ABI info
[1.086s] -- Detecting C compiler ABI info - done
[1.100s] -- Detecting C compile features
[1.101s] -- Detecting C compile features - done
[1.104s] -- Check for working CXX compiler: /usr/bin/c++
[1.172s] -- Check for working CXX compiler: /usr/bin/c++ -- works
[1.173s] -- Detecting CXX compiler ABI info
[1.245s] -- Detecting CXX compiler ABI info - done
[1.256s] -- Detecting CXX compile features
[1.257s] -- Detecting CXX compile features - done
[1.269s] -- Found ament_cmake: 0.9.12 (/opt/ros/foxy/share/ament_cmake/cmake)
[1.351s] -- Found PythonInterp: /usr/bin/python3 (found suitable version "3.8.10", minimum required is "3") 
[1.351s] -- Using PYTHON_EXECUTABLE: /usr/bin/python3
[1.552s] -- Found ament_lint_auto: 0.9.8 (/opt/ros/foxy/share/ament_lint_auto/cmake)
[1.629s] -- Added test 'copyright' to check source files copyright and LICENSE
[1.634s] -- Added test 'cppcheck' to perform static code analysis on C / C++ code
[1.634s] -- Configured cppcheck include dirs: 
[1.634s] -- Configured cppcheck exclude dirs and/or files: 
[1.638s] -- Added test 'cpplint' to check C / C++ code against the Google style
[1.638s] -- Configured cpplint exclude dirs and/or files: 
[1.641s] -- Added test 'lint_cmake' to check CMake code style
[1.646s] -- Added test 'uncrustify' to check C / C++ code style
[1.646s] -- Configured uncrustify additional arguments: 
[1.647s] -- Added test 'xmllint' to check XML markup files
[1.651s] -- Found std_msgs: 2.0.5 (/opt/ros/foxy/share/std_msgs/cmake)
[1.690s] -- Using all available rosidl_typesupport_c: rosidl_typesupport_fastrtps_c;rosidl_typesupport_introspection_c
[1.700s] -- Found rosidl_adapter: 1.3.1 (/opt/ros/foxy/share/rosidl_adapter/cmake)
[1.847s] -- Found OpenSSL: /usr/lib/x86_64-linux-gnu/libcrypto.so (found version "1.1.1f")  
[1.887s] -- Found FastRTPS: /opt/ros/foxy/include  
[1.977s] -- Using all available rosidl_typesupport_cpp: rosidl_typesupport_fastrtps_cpp;rosidl_typesupport_introspection_cpp
[2.039s] -- Found rosidl_default_generators: 1.0.1 (/opt/ros/foxy/share/rosidl_default_generators/cmake)
[2.054s] CMake Error at /opt/ros/foxy/share/rosidl_cmake/cmake/rosidl_generate_interfaces.cmake:64 (message):
[2.054s]   rosidl_generate_interfaces() must be called before ament_package()
[2.054s] Call Stack (most recent call first):
[2.054s]   CMakeLists.txt:40 (rosidl_generate_interfaces)
[2.054s] 
[2.054s] 
[2.056s] -- Configuring incomplete, errors occurred!
[2.056s] See also "/home/docker_mask2former_ros2/colcon_ws/src/segm_msgs/build/segm_msgs/CMakeFiles/CMakeOutput.log".
[2.061s] Invoked command in '/home/docker_mask2former_ros2/colcon_ws/src/segm_msgs/build/segm_msgs' returned '1': CMAKE_PREFIX_PATH=/opt/ros/foxy /usr/bin/cmake /home/docker_mask2former_ros2/colcon_ws/src/segm_msgs -DCMAKE_INSTALL_PREFIX=/home/docker_mask2former_ros2/colcon_ws/src/segm_msgs/install/segm_msgs
