[0.177s] DEBUG:colcon:Command line arguments: ['/usr/bin/colcon', 'build', '--packages-select', 'segm_msgs']
[0.177s] DEBUG:colcon:Parsed command line arguments: Namespace(allow_overriding=[], ament_cmake_args=None, base_paths=['.'], build_base='build', catkin_cmake_args=None, catkin_skip_building_tests=False, cmake_args=None, cmake_clean_cache=False, cmake_clean_first=False, cmake_force_configure=False, cmake_target=None, cmake_target_skip_unavailable=False, continue_on_error=False, event_handlers=None, executor='parallel', ignore_user_meta=False, install_base='install', log_base=None, log_level=None, main=<bound method BuildVerb.main of <colcon_core.verb.build.BuildVerb object at 0x7f663874e3d0>>, merge_install=False, metas=['./colcon.meta'], packages_above=None, packages_above_and_dependencies=None, packages_above_depth=None, packages_end=None, packages_ignore=None, packages_ignore_regex=None, packages_select=['segm_msgs'], packages_select_build_failed=False, packages_select_by_dep=None, packages_select_regex=None, packages_select_test_failures=False, packages_skip=None, packages_skip_build_finished=False, packages_skip_by_dep=None, packages_skip_regex=None, packages_skip_test_passed=False, packages_skip_up_to=None, packages_start=None, packages_up_to=None, packages_up_to_regex=None, parallel_workers=6, paths=None, symlink_install=False, test_result_base=None, verb_extension=<colcon_core.verb.build.BuildVerb object at 0x7f663874e3d0>, verb_name='build', verb_parser=<colcon_defaults.argument_parser.defaults.DefaultArgumentsDecorator object at 0x7f66386ef730>)
[0.299s] Level 1:colcon.colcon_core.package_discovery:discover_packages(colcon_meta) check parameters
[0.299s] Level 1:colcon.colcon_core.package_discovery:discover_packages(recursive) check parameters
[0.299s] Level 1:colcon.colcon_core.package_discovery:discover_packages(ignore) check parameters
[0.299s] Level 1:colcon.colcon_core.package_discovery:discover_packages(path) check parameters
[0.299s] Level 1:colcon.colcon_core.package_discovery:discover_packages(colcon_meta) discover
[0.299s] Level 1:colcon.colcon_core.package_discovery:discover_packages(recursive) discover
[0.299s] INFO:colcon.colcon_core.package_discovery:Crawling recursively for packages in '/home/docker_mask2former_ros2/colcon_ws/src/segm_msgs'
[0.299s] Level 1:colcon.colcon_core.package_identification:_identify(.) by extensions ['ignore', 'ignore_ament_install']
[0.299s] Level 1:colcon.colcon_core.package_identification:_identify(.) by extension 'ignore'
[0.299s] Level 1:colcon.colcon_core.package_identification:_identify(.) by extension 'ignore_ament_install'
[0.300s] Level 1:colcon.colcon_core.package_identification:_identify(.) by extensions ['colcon_pkg']
[0.300s] Level 1:colcon.colcon_core.package_identification:_identify(.) by extension 'colcon_pkg'
[0.300s] Level 1:colcon.colcon_core.package_identification:_identify(.) by extensions ['colcon_meta']
[0.300s] Level 1:colcon.colcon_core.package_identification:_identify(.) by extension 'colcon_meta'
[0.300s] Level 1:colcon.colcon_core.package_identification:_identify(.) by extensions ['ros']
[0.300s] Level 1:colcon.colcon_core.package_identification:_identify(.) by extension 'ros'
[0.311s] DEBUG:colcon.colcon_core.package_identification:Package '.' with type 'ros.ament_cmake' and name 'segm_msgs'
[0.311s] Level 1:colcon.colcon_core.package_discovery:discover_packages(recursive) using defaults
[0.311s] Level 1:colcon.colcon_core.package_discovery:discover_packages(ignore) discover
[0.311s] Level 1:colcon.colcon_core.package_discovery:discover_packages(ignore) using defaults
[0.311s] Level 1:colcon.colcon_core.package_discovery:discover_packages(path) discover
[0.311s] Level 1:colcon.colcon_core.package_discovery:discover_packages(path) using defaults
[0.328s] Level 1:colcon.colcon_core.package_discovery:discover_packages(prefix_path) check parameters
[0.329s] Level 1:colcon.colcon_core.package_discovery:discover_packages(prefix_path) discover
[0.330s] DEBUG:colcon.colcon_installed_package_information.package_discovery:Found 188 installed packages in /opt/ros/foxy
[0.331s] Level 1:colcon.colcon_core.package_discovery:discover_packages(prefix_path) using defaults
[0.365s] Level 5:colcon.colcon_core.verb:set package 'segm_msgs' build argument 'cmake_args' from command line to 'None'
[0.365s] Level 5:colcon.colcon_core.verb:set package 'segm_msgs' build argument 'cmake_target' from command line to 'None'
[0.365s] Level 5:colcon.colcon_core.verb:set package 'segm_msgs' build argument 'cmake_target_skip_unavailable' from command line to 'False'
[0.365s] Level 5:colcon.colcon_core.verb:set package 'segm_msgs' build argument 'cmake_clean_cache' from command line to 'False'
[0.365s] Level 5:colcon.colcon_core.verb:set package 'segm_msgs' build argument 'cmake_clean_first' from command line to 'False'
[0.365s] Level 5:colcon.colcon_core.verb:set package 'segm_msgs' build argument 'cmake_force_configure' from command line to 'False'
[0.366s] Level 5:colcon.colcon_core.verb:set package 'segm_msgs' build argument 'ament_cmake_args' from command line to 'None'
[0.366s] Level 5:colcon.colcon_core.verb:set package 'segm_msgs' build argument 'catkin_cmake_args' from command line to 'None'
[0.366s] Level 5:colcon.colcon_core.verb:set package 'segm_msgs' build argument 'catkin_skip_building_tests' from command line to 'False'
[0.366s] DEBUG:colcon.colcon_core.verb:Building package 'segm_msgs' with the following arguments: {'ament_cmake_args': None, 'build_base': '/home/docker_mask2former_ros2/colcon_ws/src/segm_msgs/build/segm_msgs', 'catkin_cmake_args': None, 'catkin_skip_building_tests': False, 'cmake_args': None, 'cmake_clean_cache': False, 'cmake_clean_first': False, 'cmake_force_configure': False, 'cmake_target': None, 'cmake_target_skip_unavailable': False, 'install_base': '/home/docker_mask2former_ros2/colcon_ws/src/segm_msgs/install/segm_msgs', 'merge_install': False, 'path': '/home/docker_mask2former_ros2/colcon_ws/src/segm_msgs', 'symlink_install': False, 'test_result_base': None}
[0.366s] INFO:colcon.colcon_core.executor:Executing jobs using 'parallel' executor
[0.367s] DEBUG:colcon.colcon_parallel_executor.executor.parallel:run_until_complete
[0.367s] INFO:colcon.colcon_ros.task.ament_cmake.build:Building ROS package in '/home/docker_mask2former_ros2/colcon_ws/src/segm_msgs' with build type 'ament_cmake'
[0.367s] INFO:colcon.colcon_cmake.task.cmake.build:Building CMake package in '/home/docker_mask2former_ros2/colcon_ws/src/segm_msgs'
[0.369s] INFO:colcon.colcon_core.plugin_system:Skipping extension 'colcon_core.shell.bat': Not used on non-Windows systems
[0.369s] INFO:colcon.colcon_core.shell:Skip shell extension 'powershell' for command environment: Not usable outside of PowerShell
[0.369s] DEBUG:colcon.colcon_core.shell:Skip shell extension 'dsv' for command environment
[0.375s] DEBUG:colcon.colcon_core.event_handler.log_command:Invoking command in '/home/docker_mask2former_ros2/colcon_ws/src/segm_msgs/build/segm_msgs': CMAKE_PREFIX_PATH=/opt/ros/foxy /usr/bin/cmake /home/docker_mask2former_ros2/colcon_ws/src/segm_msgs -DCMAKE_INSTALL_PREFIX=/home/docker_mask2former_ros2/colcon_ws/src/segm_msgs/install/segm_msgs
[2.429s] DEBUG:colcon.colcon_core.event_handler.log_command:Invoked command in '/home/docker_mask2former_ros2/colcon_ws/src/segm_msgs/build/segm_msgs' returned '1': CMAKE_PREFIX_PATH=/opt/ros/foxy /usr/bin/cmake /home/docker_mask2former_ros2/colcon_ws/src/segm_msgs -DCMAKE_INSTALL_PREFIX=/home/docker_mask2former_ros2/colcon_ws/src/segm_msgs/install/segm_msgs
[2.440s] Level 1:colcon.colcon_core.environment:create_environment_scripts_only(segm_msgs)
[2.443s] Level 1:colcon.colcon_core.environment:checking '/home/docker_mask2former_ros2/colcon_ws/src/segm_msgs/install/segm_msgs' for CMake module files
[2.443s] Level 1:colcon.colcon_core.environment:checking '/home/docker_mask2former_ros2/colcon_ws/src/segm_msgs/install/segm_msgs' for CMake config files
[2.443s] Level 1:colcon.colcon_core.environment:checking '/home/docker_mask2former_ros2/colcon_ws/src/segm_msgs/install/segm_msgs/bin'
[2.444s] Level 1:colcon.colcon_core.environment:checking '/home/docker_mask2former_ros2/colcon_ws/src/segm_msgs/install/segm_msgs/lib/pkgconfig/segm_msgs.pc'
[2.444s] Level 1:colcon.colcon_core.environment:checking '/home/docker_mask2former_ros2/colcon_ws/src/segm_msgs/install/segm_msgs/lib/python3.8/site-packages'
[2.444s] Level 1:colcon.colcon_core.environment:checking '/home/docker_mask2former_ros2/colcon_ws/src/segm_msgs/install/segm_msgs/bin'
[2.444s] INFO:colcon.colcon_core.shell:Creating package script '/home/docker_mask2former_ros2/colcon_ws/src/segm_msgs/install/segm_msgs/share/segm_msgs/package.ps1'
[2.445s] INFO:colcon.colcon_core.shell:Creating package descriptor '/home/docker_mask2former_ros2/colcon_ws/src/segm_msgs/install/segm_msgs/share/segm_msgs/package.dsv'
[2.445s] INFO:colcon.colcon_core.shell:Creating package script '/home/docker_mask2former_ros2/colcon_ws/src/segm_msgs/install/segm_msgs/share/segm_msgs/package.sh'
[2.446s] INFO:colcon.colcon_core.shell:Creating package script '/home/docker_mask2former_ros2/colcon_ws/src/segm_msgs/install/segm_msgs/share/segm_msgs/package.bash'
[2.447s] INFO:colcon.colcon_core.shell:Creating package script '/home/docker_mask2former_ros2/colcon_ws/src/segm_msgs/install/segm_msgs/share/segm_msgs/package.zsh'
[2.448s] Level 1:colcon.colcon_core.environment:create_file_with_runtime_dependencies(/home/docker_mask2former_ros2/colcon_ws/src/segm_msgs/install/segm_msgs/share/colcon-core/packages/segm_msgs)
[2.458s] DEBUG:colcon.colcon_parallel_executor.executor.parallel:closing loop
[2.458s] DEBUG:colcon.colcon_parallel_executor.executor.parallel:loop closed
[2.458s] DEBUG:colcon.colcon_parallel_executor.executor.parallel:run_until_complete finished with '1'
[2.458s] DEBUG:colcon.colcon_core.event_reactor:joining thread
[2.472s] INFO:colcon.colcon_core.plugin_system:Skipping extension 'colcon_notification.desktop_notification.notify_send': Could not find 'notify-send'
[2.472s] INFO:colcon.colcon_core.plugin_system:Skipping extension 'colcon_notification.desktop_notification.terminal_notifier': Not used on non-Darwin systems
[2.472s] INFO:colcon.colcon_core.plugin_system:Skipping extension 'colcon_notification.desktop_notification.win32': Not used on non-Windows systems
[2.472s] INFO:colcon.colcon_notification.desktop_notification:Sending desktop notification using 'notify2'
[2.474s] DEBUG:colcon.colcon_notification.desktop_notification.notify2:Failed to initialize notify2: org.freedesktop.DBus.Error.Spawn.ExecFailed: /usr/bin/dbus-launch terminated abnormally without any error message
[2.474s] DEBUG:colcon.colcon_core.event_reactor:joined thread
[2.474s] INFO:colcon.colcon_core.shell:Creating prefix script '/home/docker_mask2former_ros2/colcon_ws/src/segm_msgs/install/local_setup.ps1'
[2.475s] INFO:colcon.colcon_core.shell:Creating prefix util module '/home/docker_mask2former_ros2/colcon_ws/src/segm_msgs/install/_local_setup_util_ps1.py'
[2.476s] INFO:colcon.colcon_core.shell:Creating prefix chain script '/home/docker_mask2former_ros2/colcon_ws/src/segm_msgs/install/setup.ps1'
[2.477s] INFO:colcon.colcon_core.shell:Creating prefix script '/home/docker_mask2former_ros2/colcon_ws/src/segm_msgs/install/local_setup.sh'
[2.478s] INFO:colcon.colcon_core.shell:Creating prefix util module '/home/docker_mask2former_ros2/colcon_ws/src/segm_msgs/install/_local_setup_util_sh.py'
[2.478s] INFO:colcon.colcon_core.shell:Creating prefix chain script '/home/docker_mask2former_ros2/colcon_ws/src/segm_msgs/install/setup.sh'
[2.479s] INFO:colcon.colcon_core.shell:Creating prefix script '/home/docker_mask2former_ros2/colcon_ws/src/segm_msgs/install/local_setup.bash'
[2.479s] INFO:colcon.colcon_core.shell:Creating prefix chain script '/home/docker_mask2former_ros2/colcon_ws/src/segm_msgs/install/setup.bash'
[2.480s] INFO:colcon.colcon_core.shell:Creating prefix script '/home/docker_mask2former_ros2/colcon_ws/src/segm_msgs/install/local_setup.zsh'
[2.480s] INFO:colcon.colcon_core.shell:Creating prefix chain script '/home/docker_mask2former_ros2/colcon_ws/src/segm_msgs/install/setup.zsh'
