[0.177s] DEBUG:colcon:Command line arguments: ['/usr/bin/colcon', 'build', '--packages-select', 'segm_msgs']
[0.177s] DEBUG:colcon:Parsed command line arguments: Namespace(allow_overriding=[], ament_cmake_args=None, base_paths=['.'], build_base='build', catkin_cmake_args=None, catkin_skip_building_tests=False, cmake_args=None, cmake_clean_cache=False, cmake_clean_first=False, cmake_force_configure=False, cmake_target=None, cmake_target_skip_unavailable=False, continue_on_error=False, event_handlers=None, executor='parallel', ignore_user_meta=False, install_base='install', log_base=None, log_level=None, main=<bound method BuildVerb.main of <colcon_core.verb.build.BuildVerb object at 0x7f1aaca603d0>>, merge_install=False, metas=['./colcon.meta'], packages_above=None, packages_above_and_dependencies=None, packages_above_depth=None, packages_end=None, packages_ignore=None, packages_ignore_regex=None, packages_select=['segm_msgs'], packages_select_build_failed=False, packages_select_by_dep=None, packages_select_regex=None, packages_select_test_failures=False, packages_skip=None, packages_skip_build_finished=False, packages_skip_by_dep=None, packages_skip_regex=None, packages_skip_test_passed=False, packages_skip_up_to=None, packages_start=None, packages_up_to=None, packages_up_to_regex=None, parallel_workers=6, paths=None, symlink_install=False, test_result_base=None, verb_extension=<colcon_core.verb.build.BuildVerb object at 0x7f1aaca603d0>, verb_name='build', verb_parser=<colcon_defaults.argument_parser.defaults.DefaultArgumentsDecorator object at 0x7f1aaca00730>)
[0.301s] Level 1:colcon.colcon_core.package_discovery:discover_packages(colcon_meta) check parameters
[0.301s] Level 1:colcon.colcon_core.package_discovery:discover_packages(recursive) check parameters
[0.301s] Level 1:colcon.colcon_core.package_discovery:discover_packages(ignore) check parameters
[0.301s] Level 1:colcon.colcon_core.package_discovery:discover_packages(path) check parameters
[0.301s] Level 1:colcon.colcon_core.package_discovery:discover_packages(colcon_meta) discover
[0.301s] Level 1:colcon.colcon_core.package_discovery:discover_packages(recursive) discover
[0.301s] INFO:colcon.colcon_core.package_discovery:Crawling recursively for packages in '/home/docker_mask2former_ros2/colcon_ws/src/segm_msgs'
[0.301s] Level 1:colcon.colcon_core.package_identification:_identify(.) by extensions ['ignore', 'ignore_ament_install']
[0.301s] Level 1:colcon.colcon_core.package_identification:_identify(.) by extension 'ignore'
[0.301s] Level 1:colcon.colcon_core.package_identification:_identify(.) by extension 'ignore_ament_install'
[0.302s] Level 1:colcon.colcon_core.package_identification:_identify(.) by extensions ['colcon_pkg']
[0.302s] Level 1:colcon.colcon_core.package_identification:_identify(.) by extension 'colcon_pkg'
[0.302s] Level 1:colcon.colcon_core.package_identification:_identify(.) by extensions ['colcon_meta']
[0.302s] Level 1:colcon.colcon_core.package_identification:_identify(.) by extension 'colcon_meta'
[0.302s] Level 1:colcon.colcon_core.package_identification:_identify(.) by extensions ['ros']
[0.302s] Level 1:colcon.colcon_core.package_identification:_identify(.) by extension 'ros'
[0.313s] DEBUG:colcon.colcon_core.package_identification:Package '.' with type 'ros.ament_cmake' and name 'segm_msgs'
[0.313s] Level 1:colcon.colcon_core.package_discovery:discover_packages(recursive) using defaults
[0.313s] Level 1:colcon.colcon_core.package_discovery:discover_packages(ignore) discover
[0.313s] Level 1:colcon.colcon_core.package_discovery:discover_packages(ignore) using defaults
[0.313s] Level 1:colcon.colcon_core.package_discovery:discover_packages(path) discover
[0.313s] Level 1:colcon.colcon_core.package_discovery:discover_packages(path) using defaults
[0.331s] Level 1:colcon.colcon_core.package_discovery:discover_packages(prefix_path) check parameters
[0.331s] Level 1:colcon.colcon_core.package_discovery:discover_packages(prefix_path) discover
[0.333s] DEBUG:colcon.colcon_installed_package_information.package_discovery:Found 188 installed packages in /opt/ros/foxy
[0.334s] Level 1:colcon.colcon_core.package_discovery:discover_packages(prefix_path) using defaults
[0.368s] Level 5:colcon.colcon_core.verb:set package 'segm_msgs' build argument 'cmake_args' from command line to 'None'
[0.368s] Level 5:colcon.colcon_core.verb:set package 'segm_msgs' build argument 'cmake_target' from command line to 'None'
[0.368s] Level 5:colcon.colcon_core.verb:set package 'segm_msgs' build argument 'cmake_target_skip_unavailable' from command line to 'False'
[0.368s] Level 5:colcon.colcon_core.verb:set package 'segm_msgs' build argument 'cmake_clean_cache' from command line to 'False'
[0.368s] Level 5:colcon.colcon_core.verb:set package 'segm_msgs' build argument 'cmake_clean_first' from command line to 'False'
[0.368s] Level 5:colcon.colcon_core.verb:set package 'segm_msgs' build argument 'cmake_force_configure' from command line to 'False'
[0.368s] Level 5:colcon.colcon_core.verb:set package 'segm_msgs' build argument 'ament_cmake_args' from command line to 'None'
[0.368s] Level 5:colcon.colcon_core.verb:set package 'segm_msgs' build argument 'catkin_cmake_args' from command line to 'None'
[0.368s] Level 5:colcon.colcon_core.verb:set package 'segm_msgs' build argument 'catkin_skip_building_tests' from command line to 'False'
[0.368s] DEBUG:colcon.colcon_core.verb:Building package 'segm_msgs' with the following arguments: {'ament_cmake_args': None, 'build_base': '/home/docker_mask2former_ros2/colcon_ws/src/segm_msgs/build/segm_msgs', 'catkin_cmake_args': None, 'catkin_skip_building_tests': False, 'cmake_args': None, 'cmake_clean_cache': False, 'cmake_clean_first': False, 'cmake_force_configure': False, 'cmake_target': None, 'cmake_target_skip_unavailable': False, 'install_base': '/home/docker_mask2former_ros2/colcon_ws/src/segm_msgs/install/segm_msgs', 'merge_install': False, 'path': '/home/docker_mask2former_ros2/colcon_ws/src/segm_msgs', 'symlink_install': False, 'test_result_base': None}
[0.368s] INFO:colcon.colcon_core.executor:Executing jobs using 'parallel' executor
[0.369s] DEBUG:colcon.colcon_parallel_executor.executor.parallel:run_until_complete
[0.369s] INFO:colcon.colcon_ros.task.ament_cmake.build:Building ROS package in '/home/docker_mask2former_ros2/colcon_ws/src/segm_msgs' with build type 'ament_cmake'
[0.369s] INFO:colcon.colcon_cmake.task.cmake.build:Building CMake package in '/home/docker_mask2former_ros2/colcon_ws/src/segm_msgs'
[0.371s] INFO:colcon.colcon_core.plugin_system:Skipping extension 'colcon_core.shell.bat': Not used on non-Windows systems
[0.371s] INFO:colcon.colcon_core.shell:Skip shell extension 'powershell' for command environment: Not usable outside of PowerShell
[0.371s] DEBUG:colcon.colcon_core.shell:Skip shell extension 'dsv' for command environment
[0.380s] DEBUG:colcon.colcon_core.event_handler.log_command:Invoking command in '/home/docker_mask2former_ros2/colcon_ws/src/segm_msgs/build/segm_msgs': CMAKE_PREFIX_PATH=/opt/ros/foxy /usr/bin/cmake /home/docker_mask2former_ros2/colcon_ws/src/segm_msgs -DCMAKE_INSTALL_PREFIX=/home/docker_mask2former_ros2/colcon_ws/src/segm_msgs/install/segm_msgs
[1.469s] DEBUG:colcon.colcon_core.event_handler.log_command:Invoked command in '/home/docker_mask2former_ros2/colcon_ws/src/segm_msgs/build/segm_msgs' returned '0': CMAKE_PREFIX_PATH=/opt/ros/foxy /usr/bin/cmake /home/docker_mask2former_ros2/colcon_ws/src/segm_msgs -DCMAKE_INSTALL_PREFIX=/home/docker_mask2former_ros2/colcon_ws/src/segm_msgs/install/segm_msgs
[1.472s] DEBUG:colcon.colcon_core.event_handler.log_command:Invoking command in '/home/docker_mask2former_ros2/colcon_ws/src/segm_msgs/build/segm_msgs': CMAKE_PREFIX_PATH=/opt/ros/foxy /usr/bin/cmake --build /home/docker_mask2former_ros2/colcon_ws/src/segm_msgs/build/segm_msgs -- -j6 -l6
[4.307s] DEBUG:colcon.colcon_core.event_handler.log_command:Invoked command in '/home/docker_mask2former_ros2/colcon_ws/src/segm_msgs/build/segm_msgs' returned '0': CMAKE_PREFIX_PATH=/opt/ros/foxy /usr/bin/cmake --build /home/docker_mask2former_ros2/colcon_ws/src/segm_msgs/build/segm_msgs -- -j6 -l6
[4.375s] DEBUG:colcon.colcon_core.event_handler.log_command:Invoking command in '/home/docker_mask2former_ros2/colcon_ws/src/segm_msgs/build/segm_msgs': CMAKE_PREFIX_PATH=/opt/ros/foxy /usr/bin/cmake --install /home/docker_mask2former_ros2/colcon_ws/src/segm_msgs/build/segm_msgs
[4.431s] Level 1:colcon.colcon_core.environment:create_environment_scripts_only(segm_msgs)
[4.432s] DEBUG:colcon.colcon_core.event_handler.log_command:Invoked command in '/home/docker_mask2former_ros2/colcon_ws/src/segm_msgs/build/segm_msgs' returned '0': CMAKE_PREFIX_PATH=/opt/ros/foxy /usr/bin/cmake --install /home/docker_mask2former_ros2/colcon_ws/src/segm_msgs/build/segm_msgs
[4.434s] Level 1:colcon.colcon_core.environment:checking '/home/docker_mask2former_ros2/colcon_ws/src/segm_msgs/install/segm_msgs' for CMake module files
[4.434s] Level 1:colcon.colcon_core.environment:checking '/home/docker_mask2former_ros2/colcon_ws/src/segm_msgs/install/segm_msgs' for CMake config files
[4.435s] Level 1:colcon.colcon_core.shell:create_environment_hook('segm_msgs', 'cmake_prefix_path')
[4.435s] INFO:colcon.colcon_core.shell:Creating environment hook '/home/docker_mask2former_ros2/colcon_ws/src/segm_msgs/install/segm_msgs/share/segm_msgs/hook/cmake_prefix_path.ps1'
[4.436s] INFO:colcon.colcon_core.shell:Creating environment descriptor '/home/docker_mask2former_ros2/colcon_ws/src/segm_msgs/install/segm_msgs/share/segm_msgs/hook/cmake_prefix_path.dsv'
[4.436s] INFO:colcon.colcon_core.shell:Creating environment hook '/home/docker_mask2former_ros2/colcon_ws/src/segm_msgs/install/segm_msgs/share/segm_msgs/hook/cmake_prefix_path.sh'
[4.437s] Level 1:colcon.colcon_core.environment:checking '/home/docker_mask2former_ros2/colcon_ws/src/segm_msgs/install/segm_msgs/lib'
[4.437s] Level 1:colcon.colcon_core.shell:create_environment_hook('segm_msgs', 'ld_library_path_lib')
[4.438s] INFO:colcon.colcon_core.shell:Creating environment hook '/home/docker_mask2former_ros2/colcon_ws/src/segm_msgs/install/segm_msgs/share/segm_msgs/hook/ld_library_path_lib.ps1'
[4.438s] INFO:colcon.colcon_core.shell:Creating environment descriptor '/home/docker_mask2former_ros2/colcon_ws/src/segm_msgs/install/segm_msgs/share/segm_msgs/hook/ld_library_path_lib.dsv'
[4.438s] INFO:colcon.colcon_core.shell:Creating environment hook '/home/docker_mask2former_ros2/colcon_ws/src/segm_msgs/install/segm_msgs/share/segm_msgs/hook/ld_library_path_lib.sh'
[4.438s] Level 1:colcon.colcon_core.environment:checking '/home/docker_mask2former_ros2/colcon_ws/src/segm_msgs/install/segm_msgs/bin'
[4.438s] Level 1:colcon.colcon_core.environment:checking '/home/docker_mask2former_ros2/colcon_ws/src/segm_msgs/install/segm_msgs/lib/pkgconfig/segm_msgs.pc'
[4.439s] Level 1:colcon.colcon_core.environment:checking '/home/docker_mask2former_ros2/colcon_ws/src/segm_msgs/install/segm_msgs/lib/python3.8/site-packages'
[4.439s] Level 1:colcon.colcon_core.shell:create_environment_hook('segm_msgs', 'pythonpath')
[4.439s] INFO:colcon.colcon_core.shell:Creating environment hook '/home/docker_mask2former_ros2/colcon_ws/src/segm_msgs/install/segm_msgs/share/segm_msgs/hook/pythonpath.ps1'
[4.439s] INFO:colcon.colcon_core.shell:Creating environment descriptor '/home/docker_mask2former_ros2/colcon_ws/src/segm_msgs/install/segm_msgs/share/segm_msgs/hook/pythonpath.dsv'
[4.439s] INFO:colcon.colcon_core.shell:Creating environment hook '/home/docker_mask2former_ros2/colcon_ws/src/segm_msgs/install/segm_msgs/share/segm_msgs/hook/pythonpath.sh'
[4.440s] Level 1:colcon.colcon_core.environment:checking '/home/docker_mask2former_ros2/colcon_ws/src/segm_msgs/install/segm_msgs/bin'
[4.440s] INFO:colcon.colcon_core.shell:Creating package script '/home/docker_mask2former_ros2/colcon_ws/src/segm_msgs/install/segm_msgs/share/segm_msgs/package.ps1'
[4.441s] INFO:colcon.colcon_core.shell:Creating package descriptor '/home/docker_mask2former_ros2/colcon_ws/src/segm_msgs/install/segm_msgs/share/segm_msgs/package.dsv'
[4.441s] INFO:colcon.colcon_core.shell:Creating package script '/home/docker_mask2former_ros2/colcon_ws/src/segm_msgs/install/segm_msgs/share/segm_msgs/package.sh'
[4.442s] INFO:colcon.colcon_core.shell:Creating package script '/home/docker_mask2former_ros2/colcon_ws/src/segm_msgs/install/segm_msgs/share/segm_msgs/package.bash'
[4.442s] INFO:colcon.colcon_core.shell:Creating package script '/home/docker_mask2former_ros2/colcon_ws/src/segm_msgs/install/segm_msgs/share/segm_msgs/package.zsh'
[4.443s] Level 1:colcon.colcon_core.environment:create_file_with_runtime_dependencies(/home/docker_mask2former_ros2/colcon_ws/src/segm_msgs/install/segm_msgs/share/colcon-core/packages/segm_msgs)
[4.500s] Level 1:colcon.colcon_core.environment:create_environment_scripts_only(segm_msgs)
[4.500s] Level 1:colcon.colcon_core.environment:checking '/home/docker_mask2former_ros2/colcon_ws/src/segm_msgs/install/segm_msgs' for CMake module files
[4.500s] Level 1:colcon.colcon_core.environment:checking '/home/docker_mask2former_ros2/colcon_ws/src/segm_msgs/install/segm_msgs' for CMake config files
[4.501s] Level 1:colcon.colcon_core.shell:create_environment_hook('segm_msgs', 'cmake_prefix_path')
[4.501s] INFO:colcon.colcon_core.shell:Creating environment hook '/home/docker_mask2former_ros2/colcon_ws/src/segm_msgs/install/segm_msgs/share/segm_msgs/hook/cmake_prefix_path.ps1'
[4.501s] INFO:colcon.colcon_core.shell:Creating environment descriptor '/home/docker_mask2former_ros2/colcon_ws/src/segm_msgs/install/segm_msgs/share/segm_msgs/hook/cmake_prefix_path.dsv'
[4.502s] INFO:colcon.colcon_core.shell:Creating environment hook '/home/docker_mask2former_ros2/colcon_ws/src/segm_msgs/install/segm_msgs/share/segm_msgs/hook/cmake_prefix_path.sh'
[4.502s] Level 1:colcon.colcon_core.environment:checking '/home/docker_mask2former_ros2/colcon_ws/src/segm_msgs/install/segm_msgs/lib'
[4.502s] Level 1:colcon.colcon_core.shell:create_environment_hook('segm_msgs', 'ld_library_path_lib')
[4.502s] INFO:colcon.colcon_core.shell:Creating environment hook '/home/docker_mask2former_ros2/colcon_ws/src/segm_msgs/install/segm_msgs/share/segm_msgs/hook/ld_library_path_lib.ps1'
[4.503s] INFO:colcon.colcon_core.shell:Creating environment descriptor '/home/docker_mask2former_ros2/colcon_ws/src/segm_msgs/install/segm_msgs/share/segm_msgs/hook/ld_library_path_lib.dsv'
[4.503s] INFO:colcon.colcon_core.shell:Creating environment hook '/home/docker_mask2former_ros2/colcon_ws/src/segm_msgs/install/segm_msgs/share/segm_msgs/hook/ld_library_path_lib.sh'
[4.503s] Level 1:colcon.colcon_core.environment:checking '/home/docker_mask2former_ros2/colcon_ws/src/segm_msgs/install/segm_msgs/bin'
[4.503s] Level 1:colcon.colcon_core.environment:checking '/home/docker_mask2former_ros2/colcon_ws/src/segm_msgs/install/segm_msgs/lib/pkgconfig/segm_msgs.pc'
[4.503s] Level 1:colcon.colcon_core.environment:checking '/home/docker_mask2former_ros2/colcon_ws/src/segm_msgs/install/segm_msgs/lib/python3.8/site-packages'
[4.504s] Level 1:colcon.colcon_core.shell:create_environment_hook('segm_msgs', 'pythonpath')
[4.504s] INFO:colcon.colcon_core.shell:Creating environment hook '/home/docker_mask2former_ros2/colcon_ws/src/segm_msgs/install/segm_msgs/share/segm_msgs/hook/pythonpath.ps1'
[4.504s] INFO:colcon.colcon_core.shell:Creating environment descriptor '/home/docker_mask2former_ros2/colcon_ws/src/segm_msgs/install/segm_msgs/share/segm_msgs/hook/pythonpath.dsv'
[4.504s] INFO:colcon.colcon_core.shell:Creating environment hook '/home/docker_mask2former_ros2/colcon_ws/src/segm_msgs/install/segm_msgs/share/segm_msgs/hook/pythonpath.sh'
[4.505s] Level 1:colcon.colcon_core.environment:checking '/home/docker_mask2former_ros2/colcon_ws/src/segm_msgs/install/segm_msgs/bin'
[4.505s] INFO:colcon.colcon_core.shell:Creating package script '/home/docker_mask2former_ros2/colcon_ws/src/segm_msgs/install/segm_msgs/share/segm_msgs/package.ps1'
[4.505s] INFO:colcon.colcon_core.shell:Creating package descriptor '/home/docker_mask2former_ros2/colcon_ws/src/segm_msgs/install/segm_msgs/share/segm_msgs/package.dsv'
[4.506s] INFO:colcon.colcon_core.shell:Creating package script '/home/docker_mask2former_ros2/colcon_ws/src/segm_msgs/install/segm_msgs/share/segm_msgs/package.sh'
[4.515s] INFO:colcon.colcon_core.shell:Creating package script '/home/docker_mask2former_ros2/colcon_ws/src/segm_msgs/install/segm_msgs/share/segm_msgs/package.bash'
[4.515s] INFO:colcon.colcon_core.shell:Creating package script '/home/docker_mask2former_ros2/colcon_ws/src/segm_msgs/install/segm_msgs/share/segm_msgs/package.zsh'
[4.516s] Level 1:colcon.colcon_core.environment:create_file_with_runtime_dependencies(/home/docker_mask2former_ros2/colcon_ws/src/segm_msgs/install/segm_msgs/share/colcon-core/packages/segm_msgs)
[4.516s] DEBUG:colcon.colcon_parallel_executor.executor.parallel:closing loop
[4.516s] DEBUG:colcon.colcon_parallel_executor.executor.parallel:loop closed
[4.516s] DEBUG:colcon.colcon_parallel_executor.executor.parallel:run_until_complete finished with '0'
[4.516s] DEBUG:colcon.colcon_core.event_reactor:joining thread
[4.521s] INFO:colcon.colcon_core.plugin_system:Skipping extension 'colcon_notification.desktop_notification.notify_send': Could not find 'notify-send'
[4.521s] INFO:colcon.colcon_core.plugin_system:Skipping extension 'colcon_notification.desktop_notification.terminal_notifier': Not used on non-Darwin systems
[4.521s] INFO:colcon.colcon_core.plugin_system:Skipping extension 'colcon_notification.desktop_notification.win32': Not used on non-Windows systems
[4.521s] INFO:colcon.colcon_notification.desktop_notification:Sending desktop notification using 'notify2'
[4.523s] DEBUG:colcon.colcon_notification.desktop_notification.notify2:Failed to initialize notify2: org.freedesktop.DBus.Error.Spawn.ExecFailed: /usr/bin/dbus-launch terminated abnormally without any error message
[4.523s] DEBUG:colcon.colcon_core.event_reactor:joined thread
[4.524s] INFO:colcon.colcon_core.shell:Creating prefix script '/home/docker_mask2former_ros2/colcon_ws/src/segm_msgs/install/local_setup.ps1'
[4.525s] INFO:colcon.colcon_core.shell:Creating prefix util module '/home/docker_mask2former_ros2/colcon_ws/src/segm_msgs/install/_local_setup_util_ps1.py'
[4.526s] INFO:colcon.colcon_core.shell:Creating prefix chain script '/home/docker_mask2former_ros2/colcon_ws/src/segm_msgs/install/setup.ps1'
[4.527s] INFO:colcon.colcon_core.shell:Creating prefix script '/home/docker_mask2former_ros2/colcon_ws/src/segm_msgs/install/local_setup.sh'
[4.527s] INFO:colcon.colcon_core.shell:Creating prefix util module '/home/docker_mask2former_ros2/colcon_ws/src/segm_msgs/install/_local_setup_util_sh.py'
[4.528s] INFO:colcon.colcon_core.shell:Creating prefix chain script '/home/docker_mask2former_ros2/colcon_ws/src/segm_msgs/install/setup.sh'
[4.528s] INFO:colcon.colcon_core.shell:Creating prefix script '/home/docker_mask2former_ros2/colcon_ws/src/segm_msgs/install/local_setup.bash'
[4.529s] INFO:colcon.colcon_core.shell:Creating prefix chain script '/home/docker_mask2former_ros2/colcon_ws/src/segm_msgs/install/setup.bash'
[4.529s] INFO:colcon.colcon_core.shell:Creating prefix script '/home/docker_mask2former_ros2/colcon_ws/src/segm_msgs/install/local_setup.zsh'
[4.530s] INFO:colcon.colcon_core.shell:Creating prefix chain script '/home/docker_mask2former_ros2/colcon_ws/src/segm_msgs/install/setup.zsh'
