[0.012s] Invoking command in '/home/docker_mask2former_ros2/colcon_ws/src/segm_msgs/build/segm_msgs': CMAKE_PREFIX_PATH=${CMAKE_PREFIX_PATH}:/opt/ros/foxy /usr/bin/cmake --build /home/docker_mask2former_ros2/colcon_ws/src/segm_msgs/build/segm_msgs -- -j6 -l6
[0.059s] [  2%] Built target segm_msgs__cpp
[0.059s] [ 12%] Built target segm_msgs__rosidl_generator_c
[0.081s] [ 53%] Built target segm_msgs__rosidl_typesupport_introspection_c
[0.081s] [ 53%] Built target segm_msgs__rosidl_typesupport_introspection_cpp
[0.081s] [ 53%] Built target segm_msgs__rosidl_typesupport_cpp
[0.081s] [ 53%] Built target segm_msgs__rosidl_typesupport_c
[0.085s] [ 64%] Built target segm_msgs__rosidl_typesupport_fastrtps_cpp
[0.108s] [ 74%] Built target segm_msgs__rosidl_typesupport_fastrtps_c
[0.127s] [ 74%] Built target segm_msgs
[0.146s] [ 76%] Built target segm_msgs__py
[0.169s] [ 84%] Built target segm_msgs__python
[0.193s] [100%] Built target segm_msgs__rosidl_typesupport_fastrtps_c__pyext
[0.193s] [100%] Built target segm_msgs__rosidl_typesupport_introspection_c__pyext
[0.193s] [100%] Built target segm_msgs__rosidl_typesupport_c__pyext
[0.203s] Invoked command in '/home/docker_mask2former_ros2/colcon_ws/src/segm_msgs/build/segm_msgs' returned '0': CMAKE_PREFIX_PATH=${CMAKE_PREFIX_PATH}:/opt/ros/foxy /usr/bin/cmake --build /home/docker_mask2former_ros2/colcon_ws/src/segm_msgs/build/segm_msgs -- -j6 -l6
[0.276s] Invoking command in '/home/docker_mask2former_ros2/colcon_ws/src/segm_msgs/build/segm_msgs': CMAKE_PREFIX_PATH=${CMAKE_PREFIX_PATH}:/opt/ros/foxy /usr/bin/cmake --install /home/docker_mask2former_ros2/colcon_ws/src/segm_msgs/build/segm_msgs
[0.285s] -- Install configuration: ""
[0.285s] -- Up-to-date: /home/docker_mask2former_ros2/colcon_ws/src/segm_msgs/install/segm_msgs/share/ament_index/resource_index/rosidl_interfaces/segm_msgs
[0.285s] -- Up-to-date: /home/docker_mask2former_ros2/colcon_ws/src/segm_msgs/install/segm_msgs/include/segm_msgs
[0.285s] -- Up-to-date: /home/docker_mask2former_ros2/colcon_ws/src/segm_msgs/install/segm_msgs/include/segm_msgs/msg
[0.285s] -- Up-to-date: /home/docker_mask2former_ros2/colcon_ws/src/segm_msgs/install/segm_msgs/include/segm_msgs/msg/detail
[0.285s] -- Up-to-date: /home/docker_mask2former_ros2/colcon_ws/src/segm_msgs/install/segm_msgs/include/segm_msgs/msg/detail/obstacles__functions.c
[0.285s] -- Up-to-date: /home/docker_mask2former_ros2/colcon_ws/src/segm_msgs/install/segm_msgs/include/segm_msgs/msg/detail/mask__struct.h
[0.285s] -- Up-to-date: /home/docker_mask2former_ros2/colcon_ws/src/segm_msgs/install/segm_msgs/include/segm_msgs/msg/detail/obstacles__functions.h
[0.285s] -- Up-to-date: /home/docker_mask2former_ros2/colcon_ws/src/segm_msgs/install/segm_msgs/include/segm_msgs/msg/detail/mask__functions.h
[0.285s] -- Up-to-date: /home/docker_mask2former_ros2/colcon_ws/src/segm_msgs/install/segm_msgs/include/segm_msgs/msg/detail/mask__type_support.h
[0.286s] -- Up-to-date: /home/docker_mask2former_ros2/colcon_ws/src/segm_msgs/install/segm_msgs/include/segm_msgs/msg/detail/obstacles__type_support.h
[0.286s] -- Up-to-date: /home/docker_mask2former_ros2/colcon_ws/src/segm_msgs/install/segm_msgs/include/segm_msgs/msg/detail/obstacles__struct.h
[0.286s] -- Up-to-date: /home/docker_mask2former_ros2/colcon_ws/src/segm_msgs/install/segm_msgs/include/segm_msgs/msg/detail/mask__functions.c
[0.286s] -- Up-to-date: /home/docker_mask2former_ros2/colcon_ws/src/segm_msgs/install/segm_msgs/include/segm_msgs/msg/obstacles.h
[0.286s] -- Up-to-date: /home/docker_mask2former_ros2/colcon_ws/src/segm_msgs/install/segm_msgs/include/segm_msgs/msg/rosidl_generator_c__visibility_control.h
[0.286s] -- Up-to-date: /home/docker_mask2former_ros2/colcon_ws/src/segm_msgs/install/segm_msgs/include/segm_msgs/msg/mask.h
[0.286s] -- Up-to-date: /home/docker_mask2former_ros2/colcon_ws/src/segm_msgs/install/segm_msgs/share/segm_msgs/environment/library_path.sh
[0.286s] -- Up-to-date: /home/docker_mask2former_ros2/colcon_ws/src/segm_msgs/install/segm_msgs/share/segm_msgs/environment/library_path.dsv
[0.286s] -- Up-to-date: /home/docker_mask2former_ros2/colcon_ws/src/segm_msgs/install/segm_msgs/lib/libsegm_msgs__rosidl_generator_c.so
[0.286s] -- Up-to-date: /home/docker_mask2former_ros2/colcon_ws/src/segm_msgs/install/segm_msgs/include/segm_msgs
[0.286s] -- Up-to-date: /home/docker_mask2former_ros2/colcon_ws/src/segm_msgs/install/segm_msgs/include/segm_msgs/msg
[0.286s] -- Up-to-date: /home/docker_mask2former_ros2/colcon_ws/src/segm_msgs/install/segm_msgs/include/segm_msgs/msg/detail
[0.287s] -- Up-to-date: /home/docker_mask2former_ros2/colcon_ws/src/segm_msgs/install/segm_msgs/include/segm_msgs/msg/detail/obstacles__rosidl_typesupport_fastrtps_c.h
[0.287s] -- Up-to-date: /home/docker_mask2former_ros2/colcon_ws/src/segm_msgs/install/segm_msgs/include/segm_msgs/msg/detail/mask__rosidl_typesupport_fastrtps_c.h
[0.287s] -- Up-to-date: /home/docker_mask2former_ros2/colcon_ws/src/segm_msgs/install/segm_msgs/include/segm_msgs/msg/rosidl_typesupport_fastrtps_c__visibility_control.h
[0.287s] -- Up-to-date: /home/docker_mask2former_ros2/colcon_ws/src/segm_msgs/install/segm_msgs/lib/libsegm_msgs__rosidl_typesupport_fastrtps_c.so
[0.287s] -- Up-to-date: /home/docker_mask2former_ros2/colcon_ws/src/segm_msgs/install/segm_msgs/include/segm_msgs
[0.287s] -- Up-to-date: /home/docker_mask2former_ros2/colcon_ws/src/segm_msgs/install/segm_msgs/include/segm_msgs/msg
[0.287s] -- Up-to-date: /home/docker_mask2former_ros2/colcon_ws/src/segm_msgs/install/segm_msgs/include/segm_msgs/msg/detail
[0.287s] -- Up-to-date: /home/docker_mask2former_ros2/colcon_ws/src/segm_msgs/install/segm_msgs/include/segm_msgs/msg/detail/mask__rosidl_typesupport_fastrtps_cpp.hpp
[0.287s] -- Up-to-date: /home/docker_mask2former_ros2/colcon_ws/src/segm_msgs/install/segm_msgs/include/segm_msgs/msg/detail/obstacles__rosidl_typesupport_fastrtps_cpp.hpp
[0.287s] -- Up-to-date: /home/docker_mask2former_ros2/colcon_ws/src/segm_msgs/install/segm_msgs/include/segm_msgs/msg/detail/dds_fastrtps
[0.287s] -- Up-to-date: /home/docker_mask2former_ros2/colcon_ws/src/segm_msgs/install/segm_msgs/include/segm_msgs/msg/rosidl_typesupport_fastrtps_cpp__visibility_control.h
[0.287s] -- Up-to-date: /home/docker_mask2former_ros2/colcon_ws/src/segm_msgs/install/segm_msgs/lib/libsegm_msgs__rosidl_typesupport_fastrtps_cpp.so
[0.287s] -- Up-to-date: /home/docker_mask2former_ros2/colcon_ws/src/segm_msgs/install/segm_msgs/include/segm_msgs
[0.287s] -- Up-to-date: /home/docker_mask2former_ros2/colcon_ws/src/segm_msgs/install/segm_msgs/include/segm_msgs/msg
[0.288s] -- Up-to-date: /home/docker_mask2former_ros2/colcon_ws/src/segm_msgs/install/segm_msgs/include/segm_msgs/msg/detail
[0.288s] -- Up-to-date: /home/docker_mask2former_ros2/colcon_ws/src/segm_msgs/install/segm_msgs/include/segm_msgs/msg/detail/mask__type_support.c
[0.288s] -- Up-to-date: /home/docker_mask2former_ros2/colcon_ws/src/segm_msgs/install/segm_msgs/include/segm_msgs/msg/detail/mask__rosidl_typesupport_introspection_c.h
[0.288s] -- Up-to-date: /home/docker_mask2former_ros2/colcon_ws/src/segm_msgs/install/segm_msgs/include/segm_msgs/msg/detail/obstacles__rosidl_typesupport_introspection_c.h
[0.288s] -- Up-to-date: /home/docker_mask2former_ros2/colcon_ws/src/segm_msgs/install/segm_msgs/include/segm_msgs/msg/detail/obstacles__type_support.c
[0.288s] -- Up-to-date: /home/docker_mask2former_ros2/colcon_ws/src/segm_msgs/install/segm_msgs/include/segm_msgs/msg/rosidl_typesupport_introspection_c__visibility_control.h
[0.288s] -- Up-to-date: /home/docker_mask2former_ros2/colcon_ws/src/segm_msgs/install/segm_msgs/lib/libsegm_msgs__rosidl_typesupport_introspection_c.so
[0.288s] -- Up-to-date: /home/docker_mask2former_ros2/colcon_ws/src/segm_msgs/install/segm_msgs/lib/libsegm_msgs__rosidl_typesupport_c.so
[0.288s] -- Up-to-date: /home/docker_mask2former_ros2/colcon_ws/src/segm_msgs/install/segm_msgs/include/segm_msgs
[0.288s] -- Up-to-date: /home/docker_mask2former_ros2/colcon_ws/src/segm_msgs/install/segm_msgs/include/segm_msgs/msg
[0.288s] -- Up-to-date: /home/docker_mask2former_ros2/colcon_ws/src/segm_msgs/install/segm_msgs/include/segm_msgs/msg/mask.hpp
[0.288s] -- Up-to-date: /home/docker_mask2former_ros2/colcon_ws/src/segm_msgs/install/segm_msgs/include/segm_msgs/msg/detail
[0.289s] -- Up-to-date: /home/docker_mask2former_ros2/colcon_ws/src/segm_msgs/install/segm_msgs/include/segm_msgs/msg/detail/mask__struct.hpp
[0.289s] -- Up-to-date: /home/docker_mask2former_ros2/colcon_ws/src/segm_msgs/install/segm_msgs/include/segm_msgs/msg/detail/obstacles__struct.hpp
[0.289s] -- Up-to-date: /home/docker_mask2former_ros2/colcon_ws/src/segm_msgs/install/segm_msgs/include/segm_msgs/msg/detail/obstacles__builder.hpp
[0.289s] -- Up-to-date: /home/docker_mask2former_ros2/colcon_ws/src/segm_msgs/install/segm_msgs/include/segm_msgs/msg/detail/mask__type_support.hpp
[0.289s] -- Up-to-date: /home/docker_mask2former_ros2/colcon_ws/src/segm_msgs/install/segm_msgs/include/segm_msgs/msg/detail/mask__builder.hpp
[0.289s] -- Up-to-date: /home/docker_mask2former_ros2/colcon_ws/src/segm_msgs/install/segm_msgs/include/segm_msgs/msg/detail/obstacles__traits.hpp
[0.289s] -- Up-to-date: /home/docker_mask2former_ros2/colcon_ws/src/segm_msgs/install/segm_msgs/include/segm_msgs/msg/detail/obstacles__type_support.hpp
[0.289s] -- Up-to-date: /home/docker_mask2former_ros2/colcon_ws/src/segm_msgs/install/segm_msgs/include/segm_msgs/msg/detail/mask__traits.hpp
[0.289s] -- Up-to-date: /home/docker_mask2former_ros2/colcon_ws/src/segm_msgs/install/segm_msgs/include/segm_msgs/msg/rosidl_generator_cpp__visibility_control.hpp
[0.289s] -- Up-to-date: /home/docker_mask2former_ros2/colcon_ws/src/segm_msgs/install/segm_msgs/include/segm_msgs/msg/obstacles.hpp
[0.289s] -- Up-to-date: /home/docker_mask2former_ros2/colcon_ws/src/segm_msgs/install/segm_msgs/include/segm_msgs
[0.289s] -- Up-to-date: /home/docker_mask2former_ros2/colcon_ws/src/segm_msgs/install/segm_msgs/include/segm_msgs/msg
[0.289s] -- Up-to-date: /home/docker_mask2former_ros2/colcon_ws/src/segm_msgs/install/segm_msgs/include/segm_msgs/msg/detail
[0.289s] -- Up-to-date: /home/docker_mask2former_ros2/colcon_ws/src/segm_msgs/install/segm_msgs/include/segm_msgs/msg/detail/obstacles__type_support.cpp
[0.290s] -- Up-to-date: /home/docker_mask2former_ros2/colcon_ws/src/segm_msgs/install/segm_msgs/include/segm_msgs/msg/detail/mask__type_support.cpp
[0.290s] -- Up-to-date: /home/docker_mask2former_ros2/colcon_ws/src/segm_msgs/install/segm_msgs/include/segm_msgs/msg/detail/obstacles__rosidl_typesupport_introspection_cpp.hpp
[0.290s] -- Up-to-date: /home/docker_mask2former_ros2/colcon_ws/src/segm_msgs/install/segm_msgs/include/segm_msgs/msg/detail/mask__rosidl_typesupport_introspection_cpp.hpp
[0.290s] -- Up-to-date: /home/docker_mask2former_ros2/colcon_ws/src/segm_msgs/install/segm_msgs/lib/libsegm_msgs__rosidl_typesupport_introspection_cpp.so
[0.290s] -- Up-to-date: /home/docker_mask2former_ros2/colcon_ws/src/segm_msgs/install/segm_msgs/lib/libsegm_msgs__rosidl_typesupport_cpp.so
[0.290s] -- Up-to-date: /home/docker_mask2former_ros2/colcon_ws/src/segm_msgs/install/segm_msgs/share/segm_msgs/environment/pythonpath.sh
[0.290s] -- Up-to-date: /home/docker_mask2former_ros2/colcon_ws/src/segm_msgs/install/segm_msgs/share/segm_msgs/environment/pythonpath.dsv
[0.290s] -- Up-to-date: /home/docker_mask2former_ros2/colcon_ws/src/segm_msgs/install/segm_msgs/lib/python3.8/site-packages/segm_msgs/__init__.py
[0.322s] -- Up-to-date: /home/docker_mask2former_ros2/colcon_ws/src/segm_msgs/install/segm_msgs/lib/python3.8/site-packages/segm_msgs/msg
[0.322s] -- Up-to-date: /home/docker_mask2former_ros2/colcon_ws/src/segm_msgs/install/segm_msgs/lib/python3.8/site-packages/segm_msgs/msg/_obstacles_s.c
[0.322s] -- Up-to-date: /home/docker_mask2former_ros2/colcon_ws/src/segm_msgs/install/segm_msgs/lib/python3.8/site-packages/segm_msgs/msg/__init__.py
[0.322s] -- Up-to-date: /home/docker_mask2former_ros2/colcon_ws/src/segm_msgs/install/segm_msgs/lib/python3.8/site-packages/segm_msgs/msg/_mask.py
[0.322s] -- Up-to-date: /home/docker_mask2former_ros2/colcon_ws/src/segm_msgs/install/segm_msgs/lib/python3.8/site-packages/segm_msgs/msg/_obstacles.py
[0.323s] -- Up-to-date: /home/docker_mask2former_ros2/colcon_ws/src/segm_msgs/install/segm_msgs/lib/python3.8/site-packages/segm_msgs/msg/_mask_s.c
[0.323s] -- Up-to-date: /home/docker_mask2former_ros2/colcon_ws/src/segm_msgs/install/segm_msgs/lib/python3.8/site-packages/segm_msgs/segm_msgs_s__rosidl_typesupport_fastrtps_c.cpython-38-x86_64-linux-gnu.so
[0.323s] -- Up-to-date: /home/docker_mask2former_ros2/colcon_ws/src/segm_msgs/install/segm_msgs/lib/python3.8/site-packages/segm_msgs/segm_msgs_s__rosidl_typesupport_introspection_c.cpython-38-x86_64-linux-gnu.so
[0.323s] -- Up-to-date: /home/docker_mask2former_ros2/colcon_ws/src/segm_msgs/install/segm_msgs/lib/python3.8/site-packages/segm_msgs/segm_msgs_s__rosidl_typesupport_c.cpython-38-x86_64-linux-gnu.so
[0.324s] -- Up-to-date: /home/docker_mask2former_ros2/colcon_ws/src/segm_msgs/install/segm_msgs/lib/libsegm_msgs__python.so
[0.324s] -- Up-to-date: /home/docker_mask2former_ros2/colcon_ws/src/segm_msgs/install/segm_msgs/share/segm_msgs/msg/Mask.idl
[0.324s] -- Up-to-date: /home/docker_mask2former_ros2/colcon_ws/src/segm_msgs/install/segm_msgs/share/segm_msgs/msg/Obstacles.idl
[0.324s] -- Up-to-date: /home/docker_mask2former_ros2/colcon_ws/src/segm_msgs/install/segm_msgs/share/segm_msgs/msg/Mask.msg
[0.324s] -- Up-to-date: /home/docker_mask2former_ros2/colcon_ws/src/segm_msgs/install/segm_msgs/share/segm_msgs/msg/Obstacles.msg
[0.324s] -- Up-to-date: /home/docker_mask2former_ros2/colcon_ws/src/segm_msgs/install/segm_msgs/share/ament_index/resource_index/package_run_dependencies/segm_msgs
[0.325s] -- Up-to-date: /home/docker_mask2former_ros2/colcon_ws/src/segm_msgs/install/segm_msgs/share/ament_index/resource_index/parent_prefix_path/segm_msgs
[0.325s] -- Up-to-date: /home/docker_mask2former_ros2/colcon_ws/src/segm_msgs/install/segm_msgs/share/segm_msgs/environment/ament_prefix_path.sh
[0.325s] -- Up-to-date: /home/docker_mask2former_ros2/colcon_ws/src/segm_msgs/install/segm_msgs/share/segm_msgs/environment/ament_prefix_path.dsv
[0.325s] -- Up-to-date: /home/docker_mask2former_ros2/colcon_ws/src/segm_msgs/install/segm_msgs/share/segm_msgs/environment/path.sh
[0.325s] -- Up-to-date: /home/docker_mask2former_ros2/colcon_ws/src/segm_msgs/install/segm_msgs/share/segm_msgs/environment/path.dsv
[0.325s] -- Up-to-date: /home/docker_mask2former_ros2/colcon_ws/src/segm_msgs/install/segm_msgs/share/segm_msgs/local_setup.bash
[0.325s] -- Up-to-date: /home/docker_mask2former_ros2/colcon_ws/src/segm_msgs/install/segm_msgs/share/segm_msgs/local_setup.sh
[0.325s] -- Up-to-date: /home/docker_mask2former_ros2/colcon_ws/src/segm_msgs/install/segm_msgs/share/segm_msgs/local_setup.zsh
[0.325s] -- Up-to-date: /home/docker_mask2former_ros2/colcon_ws/src/segm_msgs/install/segm_msgs/share/segm_msgs/local_setup.dsv
[0.325s] -- Installing: /home/docker_mask2former_ros2/colcon_ws/src/segm_msgs/install/segm_msgs/share/segm_msgs/package.dsv
[0.325s] -- Up-to-date: /home/docker_mask2former_ros2/colcon_ws/src/segm_msgs/install/segm_msgs/share/ament_index/resource_index/packages/segm_msgs
[0.325s] -- Up-to-date: /home/docker_mask2former_ros2/colcon_ws/src/segm_msgs/install/segm_msgs/share/segm_msgs/cmake/segm_msgs__rosidl_generator_cExport.cmake
[0.325s] -- Up-to-date: /home/docker_mask2former_ros2/colcon_ws/src/segm_msgs/install/segm_msgs/share/segm_msgs/cmake/segm_msgs__rosidl_generator_cExport-noconfig.cmake
[0.325s] -- Up-to-date: /home/docker_mask2former_ros2/colcon_ws/src/segm_msgs/install/segm_msgs/share/segm_msgs/cmake/segm_msgs__rosidl_typesupport_introspection_cExport.cmake
[0.325s] -- Up-to-date: /home/docker_mask2former_ros2/colcon_ws/src/segm_msgs/install/segm_msgs/share/segm_msgs/cmake/segm_msgs__rosidl_typesupport_introspection_cExport-noconfig.cmake
[0.326s] -- Up-to-date: /home/docker_mask2former_ros2/colcon_ws/src/segm_msgs/install/segm_msgs/share/segm_msgs/cmake/segm_msgs__rosidl_typesupport_cExport.cmake
[0.326s] -- Up-to-date: /home/docker_mask2former_ros2/colcon_ws/src/segm_msgs/install/segm_msgs/share/segm_msgs/cmake/segm_msgs__rosidl_typesupport_cExport-noconfig.cmake
[0.326s] -- Up-to-date: /home/docker_mask2former_ros2/colcon_ws/src/segm_msgs/install/segm_msgs/share/segm_msgs/cmake/segm_msgs__rosidl_generator_cppExport.cmake
[0.326s] -- Up-to-date: /home/docker_mask2former_ros2/colcon_ws/src/segm_msgs/install/segm_msgs/share/segm_msgs/cmake/segm_msgs__rosidl_typesupport_introspection_cppExport.cmake
[0.326s] -- Up-to-date: /home/docker_mask2former_ros2/colcon_ws/src/segm_msgs/install/segm_msgs/share/segm_msgs/cmake/segm_msgs__rosidl_typesupport_introspection_cppExport-noconfig.cmake
[0.326s] -- Up-to-date: /home/docker_mask2former_ros2/colcon_ws/src/segm_msgs/install/segm_msgs/share/segm_msgs/cmake/segm_msgs__rosidl_typesupport_cppExport.cmake
[0.326s] -- Up-to-date: /home/docker_mask2former_ros2/colcon_ws/src/segm_msgs/install/segm_msgs/share/segm_msgs/cmake/segm_msgs__rosidl_typesupport_cppExport-noconfig.cmake
[0.326s] -- Up-to-date: /home/docker_mask2former_ros2/colcon_ws/src/segm_msgs/install/segm_msgs/share/segm_msgs/cmake/rosidl_cmake-extras.cmake
[0.326s] -- Up-to-date: /home/docker_mask2former_ros2/colcon_ws/src/segm_msgs/install/segm_msgs/share/segm_msgs/cmake/ament_cmake_export_dependencies-extras.cmake
[0.326s] -- Up-to-date: /home/docker_mask2former_ros2/colcon_ws/src/segm_msgs/install/segm_msgs/share/segm_msgs/cmake/ament_cmake_export_libraries-extras.cmake
[0.326s] -- Up-to-date: /home/docker_mask2former_ros2/colcon_ws/src/segm_msgs/install/segm_msgs/share/segm_msgs/cmake/ament_cmake_export_targets-extras.cmake
[0.326s] -- Up-to-date: /home/docker_mask2former_ros2/colcon_ws/src/segm_msgs/install/segm_msgs/share/segm_msgs/cmake/ament_cmake_export_include_directories-extras.cmake
[0.326s] -- Up-to-date: /home/docker_mask2former_ros2/colcon_ws/src/segm_msgs/install/segm_msgs/share/segm_msgs/cmake/rosidl_cmake_export_typesupport_libraries-extras.cmake
[0.327s] -- Up-to-date: /home/docker_mask2former_ros2/colcon_ws/src/segm_msgs/install/segm_msgs/share/segm_msgs/cmake/rosidl_cmake_export_typesupport_targets-extras.cmake
[0.327s] -- Up-to-date: /home/docker_mask2former_ros2/colcon_ws/src/segm_msgs/install/segm_msgs/share/segm_msgs/cmake/segm_msgsConfig.cmake
[0.327s] -- Up-to-date: /home/docker_mask2former_ros2/colcon_ws/src/segm_msgs/install/segm_msgs/share/segm_msgs/cmake/segm_msgsConfig-version.cmake
[0.327s] -- Up-to-date: /home/docker_mask2former_ros2/colcon_ws/src/segm_msgs/install/segm_msgs/share/segm_msgs/package.xml
[0.329s] Invoked command in '/home/docker_mask2former_ros2/colcon_ws/src/segm_msgs/build/segm_msgs' returned '0': CMAKE_PREFIX_PATH=${CMAKE_PREFIX_PATH}:/opt/ros/foxy /usr/bin/cmake --install /home/docker_mask2former_ros2/colcon_ws/src/segm_msgs/build/segm_msgs
